mode: atomic
github.com/drallgood/audiobookshelf-hardcover-sync/internal/config/config.go:56.47,76.22 8 1
github.com/drallgood/audiobookshelf-hardcover-sync/internal/config/config.go:76.22,79.17 3 1
github.com/drallgood/audiobookshelf-hardcover-sync/internal/config/config.go:79.17,86.4 2 0
github.com/drallgood/audiobookshelf-hardcover-sync/internal/config/config.go:86.9,103.99 4 1
github.com/drallgood/audiobookshelf-hardcover-sync/internal/config/config.go:103.99,109.5 1 0
github.com/drallgood/audiobookshelf-hardcover-sync/internal/config/config.go:109.10,113.5 2 1
github.com/drallgood/audiobookshelf-hardcover-sync/internal/config/config.go:116.4,131.41 3 0
github.com/drallgood/audiobookshelf-hardcover-sync/internal/config/config.go:131.41,136.5 1 0
github.com/drallgood/audiobookshelf-hardcover-sync/internal/config/config.go:136.10,140.5 1 0
github.com/drallgood/audiobookshelf-hardcover-sync/internal/config/config.go:142.8,146.3 2 0
github.com/drallgood/audiobookshelf-hardcover-sync/internal/config/config.go:149.2,149.44 1 0
github.com/drallgood/audiobookshelf-hardcover-sync/internal/config/config.go:149.44,150.31 1 0
github.com/drallgood/audiobookshelf-hardcover-sync/internal/config/config.go:150.31,156.4 1 0
github.com/drallgood/audiobookshelf-hardcover-sync/internal/config/config.go:160.2,160.70 1 0
github.com/drallgood/audiobookshelf-hardcover-sync/internal/config/config.go:160.70,163.3 2 0
github.com/drallgood/audiobookshelf-hardcover-sync/internal/config/config.go:164.2,164.27 1 0
github.com/drallgood/audiobookshelf-hardcover-sync/internal/config/config.go:164.27,166.3 1 0
github.com/drallgood/audiobookshelf-hardcover-sync/internal/config/config.go:167.2,167.37 1 0
github.com/drallgood/audiobookshelf-hardcover-sync/internal/config/config.go:167.37,169.3 1 0
github.com/drallgood/audiobookshelf-hardcover-sync/internal/config/config.go:172.2,172.55 1 0
github.com/drallgood/audiobookshelf-hardcover-sync/internal/config/config.go:172.55,175.3 2 0
github.com/drallgood/audiobookshelf-hardcover-sync/internal/config/config.go:176.2,176.61 1 0
github.com/drallgood/audiobookshelf-hardcover-sync/internal/config/config.go:176.61,179.3 2 0
github.com/drallgood/audiobookshelf-hardcover-sync/internal/config/config.go:182.2,182.56 1 0
github.com/drallgood/audiobookshelf-hardcover-sync/internal/config/config.go:182.56,185.3 2 0
github.com/drallgood/audiobookshelf-hardcover-sync/internal/config/config.go:186.2,186.119 1 0
github.com/drallgood/audiobookshelf-hardcover-sync/internal/config/config.go:186.119,189.3 2 0
github.com/drallgood/audiobookshelf-hardcover-sync/internal/config/config.go:189.8,189.41 1 0
github.com/drallgood/audiobookshelf-hardcover-sync/internal/config/config.go:189.41,191.3 1 0
github.com/drallgood/audiobookshelf-hardcover-sync/internal/config/config.go:194.2,194.77 1 0
github.com/drallgood/audiobookshelf-hardcover-sync/internal/config/config.go:194.77,197.3 2 0
github.com/drallgood/audiobookshelf-hardcover-sync/internal/config/config.go:199.2,199.85 1 0
github.com/drallgood/audiobookshelf-hardcover-sync/internal/config/config.go:199.85,202.3 2 0
github.com/drallgood/audiobookshelf-hardcover-sync/internal/config/config.go:202.8,202.35 1 0
github.com/drallgood/audiobookshelf-hardcover-sync/internal/config/config.go:202.35,204.3 1 0
github.com/drallgood/audiobookshelf-hardcover-sync/internal/config/config.go:206.2,206.117 1 0
github.com/drallgood/audiobookshelf-hardcover-sync/internal/config/config.go:206.117,209.3 2 0
github.com/drallgood/audiobookshelf-hardcover-sync/internal/config/config.go:211.2,211.133 1 0
github.com/drallgood/audiobookshelf-hardcover-sync/internal/config/config.go:211.133,214.3 2 0
github.com/drallgood/audiobookshelf-hardcover-sync/internal/config/config.go:214.8,214.41 1 0
github.com/drallgood/audiobookshelf-hardcover-sync/internal/config/config.go:214.41,216.3 1 0
github.com/drallgood/audiobookshelf-hardcover-sync/internal/config/config.go:218.2,218.118 1 0
github.com/drallgood/audiobookshelf-hardcover-sync/internal/config/config.go:218.118,221.3 2 0
github.com/drallgood/audiobookshelf-hardcover-sync/internal/config/config.go:221.8,221.45 1 0
github.com/drallgood/audiobookshelf-hardcover-sync/internal/config/config.go:221.45,223.3 1 0
github.com/drallgood/audiobookshelf-hardcover-sync/internal/config/config.go:225.2,225.125 1 0
github.com/drallgood/audiobookshelf-hardcover-sync/internal/config/config.go:225.125,228.3 2 0
github.com/drallgood/audiobookshelf-hardcover-sync/internal/config/config.go:230.2,230.98 1 0
github.com/drallgood/audiobookshelf-hardcover-sync/internal/config/config.go:230.98,233.3 2 0
github.com/drallgood/audiobookshelf-hardcover-sync/internal/config/config.go:235.2,235.83 1 0
github.com/drallgood/audiobookshelf-hardcover-sync/internal/config/config.go:235.83,238.3 2 0
github.com/drallgood/audiobookshelf-hardcover-sync/internal/config/config.go:240.2,240.75 1 0
github.com/drallgood/audiobookshelf-hardcover-sync/internal/config/config.go:240.75,243.3 2 0
github.com/drallgood/audiobookshelf-hardcover-sync/internal/config/config.go:245.2,245.118 1 0
github.com/drallgood/audiobookshelf-hardcover-sync/internal/config/config.go:245.118,248.3 2 0
github.com/drallgood/audiobookshelf-hardcover-sync/internal/config/config.go:251.2,251.73 1 0
github.com/drallgood/audiobookshelf-hardcover-sync/internal/config/config.go:251.73,254.3 2 0
github.com/drallgood/audiobookshelf-hardcover-sync/internal/config/config.go:256.2,256.46 1 0
github.com/drallgood/audiobookshelf-hardcover-sync/internal/config/config.go:256.46,258.3 1 0
github.com/drallgood/audiobookshelf-hardcover-sync/internal/config/config.go:258.8,258.37 1 0
github.com/drallgood/audiobookshelf-hardcover-sync/internal/config/config.go:258.37,260.3 1 0
github.com/drallgood/audiobookshelf-hardcover-sync/internal/config/config.go:263.2,263.39 1 0
github.com/drallgood/audiobookshelf-hardcover-sync/internal/config/config.go:263.39,265.3 1 0
github.com/drallgood/audiobookshelf-hardcover-sync/internal/config/config.go:267.2,267.17 1 0
github.com/drallgood/audiobookshelf-hardcover-sync/internal/config/config.go:271.35,274.32 2 0
github.com/drallgood/audiobookshelf-hardcover-sync/internal/config/config.go:274.32,276.3 1 0
github.com/drallgood/audiobookshelf-hardcover-sync/internal/config/config.go:277.2,277.34 1 0
github.com/drallgood/audiobookshelf-hardcover-sync/internal/config/config.go:277.34,279.3 1 0
github.com/drallgood/audiobookshelf-hardcover-sync/internal/config/config.go:280.2,280.29 1 0
github.com/drallgood/audiobookshelf-hardcover-sync/internal/config/config.go:280.29,282.3 1 0
github.com/drallgood/audiobookshelf-hardcover-sync/internal/config/config.go:284.2,284.22 1 0
github.com/drallgood/audiobookshelf-hardcover-sync/internal/config/config.go:284.22,300.3 3 0
github.com/drallgood/audiobookshelf-hardcover-sync/internal/config/config.go:302.2,303.12 2 0
github.com/drallgood/audiobookshelf-hardcover-sync/internal/config/config.go:312.38,314.2 1 0
github.com/drallgood/audiobookshelf-hardcover-sync/internal/config/config.go:317.42,318.48 1 0
github.com/drallgood/audiobookshelf-hardcover-sync/internal/config/config.go:318.48,320.3 1 0
github.com/drallgood/audiobookshelf-hardcover-sync/internal/config/config.go:321.2,321.17 1 0
github.com/drallgood/audiobookshelf-hardcover-sync/internal/config/config.go:324.53,325.48 1 0
github.com/drallgood/audiobookshelf-hardcover-sync/internal/config/config.go:325.48,327.17 2 0
github.com/drallgood/audiobookshelf-hardcover-sync/internal/config/config.go:327.17,330.4 2 0
github.com/drallgood/audiobookshelf-hardcover-sync/internal/config/config.go:331.3,331.11 1 0
github.com/drallgood/audiobookshelf-hardcover-sync/internal/config/config.go:333.2,333.17 1 0
github.com/drallgood/audiobookshelf-hardcover-sync/internal/config/config.go:336.50,337.48 1 0
github.com/drallgood/audiobookshelf-hardcover-sync/internal/config/config.go:337.48,339.17 2 0
github.com/drallgood/audiobookshelf-hardcover-sync/internal/config/config.go:339.17,342.4 2 0
github.com/drallgood/audiobookshelf-hardcover-sync/internal/config/config.go:343.3,343.11 1 0
github.com/drallgood/audiobookshelf-hardcover-sync/internal/config/config.go:345.2,345.17 1 0
github.com/drallgood/audiobookshelf-hardcover-sync/internal/config/config.go:348.62,349.48 1 0
github.com/drallgood/audiobookshelf-hardcover-sync/internal/config/config.go:349.48,351.17 2 0
github.com/drallgood/audiobookshelf-hardcover-sync/internal/config/config.go:351.17,354.4 2 0
github.com/drallgood/audiobookshelf-hardcover-sync/internal/config/config.go:355.3,355.11 1 0
github.com/drallgood/audiobookshelf-hardcover-sync/internal/config/config.go:357.2,357.17 1 0
github.com/drallgood/audiobookshelf-hardcover-sync/internal/config/config.go:360.75,361.48 1 0
github.com/drallgood/audiobookshelf-hardcover-sync/internal/config/config.go:361.48,363.17 2 0
github.com/drallgood/audiobookshelf-hardcover-sync/internal/config/config.go:363.17,366.4 2 0
github.com/drallgood/audiobookshelf-hardcover-sync/internal/config/config.go:367.3,367.11 1 0
github.com/drallgood/audiobookshelf-hardcover-sync/internal/config/config.go:369.2,369.17 1 0
github.com/drallgood/audiobookshelf-hardcover-sync/internal/config/file.go:71.29,73.16 2 2
github.com/drallgood/audiobookshelf-hardcover-sync/internal/config/file.go:73.16,75.3 1 0
github.com/drallgood/audiobookshelf-hardcover-sync/internal/config/file.go:76.2,76.11 1 2
github.com/drallgood/audiobookshelf-hardcover-sync/internal/config/file.go:80.49,87.27 2 2
github.com/drallgood/audiobookshelf-hardcover-sync/internal/config/file.go:87.27,89.17 2 0
github.com/drallgood/audiobookshelf-hardcover-sync/internal/config/file.go:89.17,91.4 1 0
github.com/drallgood/audiobookshelf-hardcover-sync/internal/config/file.go:92.3,92.17 1 0
github.com/drallgood/audiobookshelf-hardcover-sync/internal/config/file.go:96.2,97.16 2 2
github.com/drallgood/audiobookshelf-hardcover-sync/internal/config/file.go:97.16,99.3 1 0
github.com/drallgood/audiobookshelf-hardcover-sync/internal/config/file.go:101.2,110.16 3 2
github.com/drallgood/audiobookshelf-hardcover-sync/internal/config/file.go:110.16,112.3 1 0
github.com/drallgood/audiobookshelf-hardcover-sync/internal/config/file.go:115.2,116.29 2 2
github.com/drallgood/audiobookshelf-hardcover-sync/internal/config/file.go:116.29,118.3 1 1
github.com/drallgood/audiobookshelf-hardcover-sync/internal/config/file.go:119.2,129.55 5 2
github.com/drallgood/audiobookshelf-hardcover-sync/internal/config/file.go:129.55,132.3 2 0
github.com/drallgood/audiobookshelf-hardcover-sync/internal/config/file.go:135.2,158.34 4 2
github.com/drallgood/audiobookshelf-hardcover-sync/internal/config/file.go:158.34,160.3 1 2
github.com/drallgood/audiobookshelf-hardcover-sync/internal/config/file.go:163.2,177.34 3 2
github.com/drallgood/audiobookshelf-hardcover-sync/internal/config/file.go:177.34,179.76 1 2
github.com/drallgood/audiobookshelf-hardcover-sync/internal/config/file.go:179.76,181.4 1 2
github.com/drallgood/audiobookshelf-hardcover-sync/internal/config/file.go:181.9,184.4 1 0
github.com/drallgood/audiobookshelf-hardcover-sync/internal/config/file.go:188.2,188.20 1 2
github.com/drallgood/audiobookshelf-hardcover-sync/internal/config/file.go:188.20,190.3 1 2
github.com/drallgood/audiobookshelf-hardcover-sync/internal/config/file.go:193.2,193.33 1 2
github.com/drallgood/audiobookshelf-hardcover-sync/internal/config/file.go:193.33,195.3 1 2
github.com/drallgood/audiobookshelf-hardcover-sync/internal/config/file.go:198.2,198.38 1 2
github.com/drallgood/audiobookshelf-hardcover-sync/internal/config/file.go:198.38,200.3 1 2
github.com/drallgood/audiobookshelf-hardcover-sync/internal/config/file.go:201.2,201.40 1 2
github.com/drallgood/audiobookshelf-hardcover-sync/internal/config/file.go:201.40,203.3 1 2
github.com/drallgood/audiobookshelf-hardcover-sync/internal/config/file.go:206.2,206.35 1 2
github.com/drallgood/audiobookshelf-hardcover-sync/internal/config/file.go:206.35,208.3 1 2
github.com/drallgood/audiobookshelf-hardcover-sync/internal/config/file.go:211.2,211.33 1 2
github.com/drallgood/audiobookshelf-hardcover-sync/internal/config/file.go:211.33,213.17 2 1
github.com/drallgood/audiobookshelf-hardcover-sync/internal/config/file.go:213.17,215.4 1 1
github.com/drallgood/audiobookshelf-hardcover-sync/internal/config/file.go:215.9,217.4 1 0
github.com/drallgood/audiobookshelf-hardcover-sync/internal/config/file.go:220.2,220.39 1 2
github.com/drallgood/audiobookshelf-hardcover-sync/internal/config/file.go:220.39,222.3 1 0
github.com/drallgood/audiobookshelf-hardcover-sync/internal/config/file.go:224.2,224.36 1 2
github.com/drallgood/audiobookshelf-hardcover-sync/internal/config/file.go:224.36,226.3 1 1
github.com/drallgood/audiobookshelf-hardcover-sync/internal/config/file.go:228.2,228.38 1 2
github.com/drallgood/audiobookshelf-hardcover-sync/internal/config/file.go:228.38,230.3 1 1
github.com/drallgood/audiobookshelf-hardcover-sync/internal/config/file.go:232.2,232.43 1 2
github.com/drallgood/audiobookshelf-hardcover-sync/internal/config/file.go:232.43,234.3 1 1
github.com/drallgood/audiobookshelf-hardcover-sync/internal/config/file.go:237.2,242.55 4 2
github.com/drallgood/audiobookshelf-hardcover-sync/internal/config/file.go:242.55,244.3 1 1
github.com/drallgood/audiobookshelf-hardcover-sync/internal/config/file.go:247.2,255.17 2 2
github.com/drallgood/audiobookshelf-hardcover-sync/internal/logger/logger.go:31.53,32.71 1 1
github.com/drallgood/audiobookshelf-hardcover-sync/internal/logger/logger.go:32.71,48.15 7 1
github.com/drallgood/audiobookshelf-hardcover-sync/internal/logger/logger.go:48.15,50.4 1 0
github.com/drallgood/audiobookshelf-hardcover-sync/internal/logger/logger.go:52.3,60.23 1 1
github.com/drallgood/audiobookshelf-hardcover-sync/internal/logger/logger.go:70.57,73.2 2 2
github.com/drallgood/audiobookshelf-hardcover-sync/internal/logger/logger.go:76.24,79.19 2 10
github.com/drallgood/audiobookshelf-hardcover-sync/internal/logger/logger.go:80.15,81.29 1 3
github.com/drallgood/audiobookshelf-hardcover-sync/internal/logger/logger.go:82.14,83.28 1 1
github.com/drallgood/audiobookshelf-hardcover-sync/internal/logger/logger.go:84.14,85.28 1 1
github.com/drallgood/audiobookshelf-hardcover-sync/internal/logger/logger.go:86.15,87.29 1 1
github.com/drallgood/audiobookshelf-hardcover-sync/internal/logger/logger.go:88.15,89.29 1 1
github.com/drallgood/audiobookshelf-hardcover-sync/internal/logger/logger.go:90.15,91.29 1 1
github.com/drallgood/audiobookshelf-hardcover-sync/internal/logger/logger.go:92.10,93.28 1 2
github.com/drallgood/audiobookshelf-hardcover-sync/internal/logger/logger.go:97.2,101.23 3 10
github.com/drallgood/audiobookshelf-hardcover-sync/internal/logger/logger.go:101.23,106.3 1 3
github.com/drallgood/audiobookshelf-hardcover-sync/internal/logger/logger.go:109.2,117.21 3 10
github.com/drallgood/audiobookshelf-hardcover-sync/internal/logger/logger.go:121.20,122.25 1 10
github.com/drallgood/audiobookshelf-hardcover-sync/internal/logger/logger.go:122.25,124.3 1 1
github.com/drallgood/audiobookshelf-hardcover-sync/internal/logger/logger.go:125.2,125.21 1 10
github.com/drallgood/audiobookshelf-hardcover-sync/internal/logger/logger.go:129.65,131.27 2 1
github.com/drallgood/audiobookshelf-hardcover-sync/internal/logger/logger.go:131.27,133.3 1 2
github.com/drallgood/audiobookshelf-hardcover-sync/internal/logger/logger.go:134.2,134.16 1 1
