mode: atomic
github.com/drallgood/audiobookshelf-hardcover-sync/main.go:24.13,32.2 7 0
github.com/drallgood/audiobookshelf-hardcover-sync/cmd/edition/main.go:20.13,26.2 1 0
github.com/drallgood/audiobookshelf-hardcover-sync/cmd/edition/main.go:40.13,93.41 2 0
github.com/drallgood/audiobookshelf-hardcover-sync/cmd/edition/main.go:93.41,99.3 2 0
github.com/drallgood/audiobookshelf-hardcover-sync/cmd/edition/main.go:102.42,105.16 2 0
github.com/drallgood/audiobookshelf-hardcover-sync/cmd/edition/main.go:105.16,107.3 1 0
github.com/drallgood/audiobookshelf-hardcover-sync/cmd/edition/main.go:110.2,115.16 4 0
github.com/drallgood/audiobookshelf-hardcover-sync/cmd/edition/main.go:115.16,117.3 1 0
github.com/drallgood/audiobookshelf-hardcover-sync/cmd/edition/main.go:119.2,120.53 2 0
github.com/drallgood/audiobookshelf-hardcover-sync/cmd/edition/main.go:120.53,122.3 1 0
github.com/drallgood/audiobookshelf-hardcover-sync/cmd/edition/main.go:125.2,128.31 3 0
github.com/drallgood/audiobookshelf-hardcover-sync/cmd/edition/main.go:128.31,130.3 1 0
github.com/drallgood/audiobookshelf-hardcover-sync/cmd/edition/main.go:130.8,132.3 1 0
github.com/drallgood/audiobookshelf-hardcover-sync/cmd/edition/main.go:133.2,137.16 3 0
github.com/drallgood/audiobookshelf-hardcover-sync/cmd/edition/main.go:137.16,139.3 1 0
github.com/drallgood/audiobookshelf-hardcover-sync/cmd/edition/main.go:142.2,144.12 3 0
github.com/drallgood/audiobookshelf-hardcover-sync/cmd/edition/main.go:147.47,150.16 2 0
github.com/drallgood/audiobookshelf-hardcover-sync/cmd/edition/main.go:150.16,152.3 1 0
github.com/drallgood/audiobookshelf-hardcover-sync/cmd/edition/main.go:155.2,161.31 4 0
github.com/drallgood/audiobookshelf-hardcover-sync/cmd/edition/main.go:161.31,163.3 1 0
github.com/drallgood/audiobookshelf-hardcover-sync/cmd/edition/main.go:163.8,165.3 1 0
github.com/drallgood/audiobookshelf-hardcover-sync/cmd/edition/main.go:166.2,170.16 3 0
github.com/drallgood/audiobookshelf-hardcover-sync/cmd/edition/main.go:170.16,172.3 1 0
github.com/drallgood/audiobookshelf-hardcover-sync/cmd/edition/main.go:175.2,177.63 3 0
github.com/drallgood/audiobookshelf-hardcover-sync/cmd/edition/main.go:177.63,179.3 1 0
github.com/drallgood/audiobookshelf-hardcover-sync/cmd/edition/main.go:181.2,182.12 2 0
github.com/drallgood/audiobookshelf-hardcover-sync/cmd/edition/main.go:186.49,207.16 3 0
github.com/drallgood/audiobookshelf-hardcover-sync/cmd/edition/main.go:207.16,209.3 1 0
github.com/drallgood/audiobookshelf-hardcover-sync/cmd/edition/main.go:211.2,211.59 1 0
github.com/drallgood/audiobookshelf-hardcover-sync/cmd/edition/main.go:211.59,213.3 1 0
github.com/drallgood/audiobookshelf-hardcover-sync/cmd/edition/main.go:215.2,216.12 2 0
github.com/drallgood/audiobookshelf-hardcover-sync/cmd/audiobookshelf-hardcover-sync/cli.go:34.32,59.26 18 0
github.com/drallgood/audiobookshelf-hardcover-sync/cmd/audiobookshelf-hardcover-sync/cli.go:59.26,61.3 1 0
github.com/drallgood/audiobookshelf-hardcover-sync/cmd/audiobookshelf-hardcover-sync/cli.go:63.2,63.16 1 0
github.com/drallgood/audiobookshelf-hardcover-sync/cmd/audiobookshelf-hardcover-sync/cli.go:63.16,65.3 1 0
github.com/drallgood/audiobookshelf-hardcover-sync/cmd/audiobookshelf-hardcover-sync/cli.go:67.2,67.30 1 0
github.com/drallgood/audiobookshelf-hardcover-sync/cmd/audiobookshelf-hardcover-sync/cli.go:67.30,69.3 1 0
github.com/drallgood/audiobookshelf-hardcover-sync/cmd/audiobookshelf-hardcover-sync/cli.go:71.2,71.27 1 0
github.com/drallgood/audiobookshelf-hardcover-sync/cmd/audiobookshelf-hardcover-sync/cli.go:71.27,73.3 1 0
github.com/drallgood/audiobookshelf-hardcover-sync/cmd/audiobookshelf-hardcover-sync/cli.go:75.2,75.13 1 0
github.com/drallgood/audiobookshelf-hardcover-sync/cmd/audiobookshelf-hardcover-sync/cli.go:79.43,80.17 1 0
github.com/drallgood/audiobookshelf-hardcover-sync/cmd/audiobookshelf-hardcover-sync/cli.go:80.17,81.50 1 0
github.com/drallgood/audiobookshelf-hardcover-sync/cmd/audiobookshelf-hardcover-sync/cli.go:81.50,86.4 1 0
github.com/drallgood/audiobookshelf-hardcover-sync/cmd/audiobookshelf-hardcover-sync/cli.go:91.19,96.2 1 0
github.com/drallgood/audiobookshelf-hardcover-sync/cmd/audiobookshelf-hardcover-sync/cli.go:100.41,118.16 8 0
github.com/drallgood/audiobookshelf-hardcover-sync/cmd/audiobookshelf-hardcover-sync/cli.go:118.16,123.3 2 0
github.com/drallgood/audiobookshelf-hardcover-sync/cmd/audiobookshelf-hardcover-sync/cli.go:126.2,238.16 33 0
github.com/drallgood/audiobookshelf-hardcover-sync/cmd/audiobookshelf-hardcover-sync/cli.go:238.16,244.3 2 0
github.com/drallgood/audiobookshelf-hardcover-sync/cmd/audiobookshelf-hardcover-sync/cli.go:247.2,251.54 2 0
github.com/drallgood/audiobookshelf-hardcover-sync/cmd/audiobookshelf-hardcover-sync/cli.go:256.121,259.12 2 0
github.com/drallgood/audiobookshelf-hardcover-sync/cmd/audiobookshelf-hardcover-sync/cli.go:259.12,264.47 3 0
github.com/drallgood/audiobookshelf-hardcover-sync/cmd/audiobookshelf-hardcover-sync/cli.go:264.47,268.4 1 0
github.com/drallgood/audiobookshelf-hardcover-sync/cmd/audiobookshelf-hardcover-sync/cli.go:270.3,270.7 1 0
github.com/drallgood/audiobookshelf-hardcover-sync/cmd/audiobookshelf-hardcover-sync/cli.go:270.7,271.11 1 0
github.com/drallgood/audiobookshelf-hardcover-sync/cmd/audiobookshelf-hardcover-sync/cli.go:272.20,273.49 1 0
github.com/drallgood/audiobookshelf-hardcover-sync/cmd/audiobookshelf-hardcover-sync/cli.go:273.49,277.6 1 0
github.com/drallgood/audiobookshelf-hardcover-sync/cmd/audiobookshelf-hardcover-sync/cli.go:278.19,279.11 1 0
github.com/drallgood/audiobookshelf-hardcover-sync/cmd/audiobookshelf-hardcover-sync/main.go:49.13,54.16 2 0
github.com/drallgood/audiobookshelf-hardcover-sync/cmd/audiobookshelf-hardcover-sync/main.go:54.16,57.3 2 0
github.com/drallgood/audiobookshelf-hardcover-sync/cmd/audiobookshelf-hardcover-sync/main.go:60.2,60.19 1 0
github.com/drallgood/audiobookshelf-hardcover-sync/cmd/audiobookshelf-hardcover-sync/main.go:60.19,63.3 2 0
github.com/drallgood/audiobookshelf-hardcover-sync/cmd/audiobookshelf-hardcover-sync/main.go:67.2,68.16 2 0
github.com/drallgood/audiobookshelf-hardcover-sync/cmd/audiobookshelf-hardcover-sync/main.go:68.16,72.3 2 0
github.com/drallgood/audiobookshelf-hardcover-sync/cmd/audiobookshelf-hardcover-sync/main.go:75.2,105.29 9 0
github.com/drallgood/audiobookshelf-hardcover-sync/cmd/audiobookshelf-hardcover-sync/main.go:105.29,107.3 1 0
github.com/drallgood/audiobookshelf-hardcover-sync/cmd/audiobookshelf-hardcover-sync/main.go:109.2,109.28 1 0
github.com/drallgood/audiobookshelf-hardcover-sync/cmd/audiobookshelf-hardcover-sync/main.go:109.28,111.3 1 0
github.com/drallgood/audiobookshelf-hardcover-sync/cmd/audiobookshelf-hardcover-sync/main.go:113.2,113.18 1 0
github.com/drallgood/audiobookshelf-hardcover-sync/cmd/audiobookshelf-hardcover-sync/main.go:113.18,115.3 1 0
github.com/drallgood/audiobookshelf-hardcover-sync/cmd/audiobookshelf-hardcover-sync/main.go:118.2,118.23 1 0
github.com/drallgood/audiobookshelf-hardcover-sync/cmd/audiobookshelf-hardcover-sync/main.go:118.23,121.3 2 0
github.com/drallgood/audiobookshelf-hardcover-sync/cmd/audiobookshelf-hardcover-sync/main.go:124.2,148.12 10 0
github.com/drallgood/audiobookshelf-hardcover-sync/cmd/audiobookshelf-hardcover-sync/main.go:148.12,153.68 3 0
github.com/drallgood/audiobookshelf-hardcover-sync/cmd/audiobookshelf-hardcover-sync/main.go:153.68,156.4 2 0
github.com/drallgood/audiobookshelf-hardcover-sync/cmd/audiobookshelf-hardcover-sync/main.go:160.2,160.51 1 0
github.com/drallgood/audiobookshelf-hardcover-sync/cmd/audiobookshelf-hardcover-sync/main.go:160.51,162.3 1 0
github.com/drallgood/audiobookshelf-hardcover-sync/cmd/audiobookshelf-hardcover-sync/main.go:162.8,162.30 1 0
github.com/drallgood/audiobookshelf-hardcover-sync/cmd/audiobookshelf-hardcover-sync/main.go:162.30,164.3 1 0
github.com/drallgood/audiobookshelf-hardcover-sync/cmd/audiobookshelf-hardcover-sync/main.go:167.2,167.9 1 0
github.com/drallgood/audiobookshelf-hardcover-sync/cmd/audiobookshelf-hardcover-sync/main.go:168.20,169.44 1 0
github.com/drallgood/audiobookshelf-hardcover-sync/cmd/audiobookshelf-hardcover-sync/main.go:170.22,173.5 1 0
github.com/drallgood/audiobookshelf-hardcover-sync/cmd/audiobookshelf-hardcover-sync/main.go:177.2,193.50 7 0
github.com/drallgood/audiobookshelf-hardcover-sync/cmd/audiobookshelf-hardcover-sync/main.go:193.50,197.3 1 0
github.com/drallgood/audiobookshelf-hardcover-sync/cmd/audiobookshelf-hardcover-sync/main.go:199.2,199.37 1 0
github.com/drallgood/audiobookshelf-hardcover-sync/cmd/audiobookshelf-hardcover-sync/main.go:204.17,257.2 36 0
github.com/drallgood/audiobookshelf-hardcover-sync/cmd/audiobookshelf-hardcover-sync/main.go:259.20,261.2 1 0
github.com/drallgood/audiobookshelf-hardcover-sync/cmd/edition-tool/main.go:13.13,24.22 6 0
github.com/drallgood/audiobookshelf-hardcover-sync/cmd/edition-tool/main.go:24.22,27.3 2 0
github.com/drallgood/audiobookshelf-hardcover-sync/cmd/edition-tool/main.go:29.2,29.20 1 0
github.com/drallgood/audiobookshelf-hardcover-sync/cmd/edition-tool/main.go:30.16,32.25 2 0
github.com/drallgood/audiobookshelf-hardcover-sync/cmd/edition-tool/main.go:32.25,35.4 1 0
github.com/drallgood/audiobookshelf-hardcover-sync/cmd/edition-tool/main.go:35.9,35.33 1 0
github.com/drallgood/audiobookshelf-hardcover-sync/cmd/edition-tool/main.go:35.33,38.4 1 0
github.com/drallgood/audiobookshelf-hardcover-sync/cmd/edition-tool/main.go:38.9,38.31 1 0
github.com/drallgood/audiobookshelf-hardcover-sync/cmd/edition-tool/main.go:38.31,41.4 1 0
github.com/drallgood/audiobookshelf-hardcover-sync/cmd/edition-tool/main.go:41.9,44.4 2 0
github.com/drallgood/audiobookshelf-hardcover-sync/cmd/edition-tool/main.go:45.14,46.15 1 0
github.com/drallgood/audiobookshelf-hardcover-sync/cmd/edition-tool/main.go:47.10,50.13 3 0
github.com/drallgood/audiobookshelf-hardcover-sync/cmd/edition-tool/main.go:54.19,72.2 1 0
github.com/drallgood/audiobookshelf-hardcover-sync/cmd/image-tool/main.go:18.13,20.96 1 0
github.com/drallgood/audiobookshelf-hardcover-sync/cmd/image-tool/main.go:20.96,23.3 2 0
github.com/drallgood/audiobookshelf-hardcover-sync/cmd/image-tool/main.go:26.2,26.48 1 0
github.com/drallgood/audiobookshelf-hardcover-sync/cmd/image-tool/main.go:26.48,28.3 1 0
github.com/drallgood/audiobookshelf-hardcover-sync/cmd/image-tool/main.go:31.2,45.28 4 0
github.com/drallgood/audiobookshelf-hardcover-sync/cmd/image-tool/main.go:45.28,47.3 1 0
github.com/drallgood/audiobookshelf-hardcover-sync/cmd/image-tool/main.go:50.2,50.22 1 0
github.com/drallgood/audiobookshelf-hardcover-sync/cmd/image-tool/main.go:50.22,59.3 8 0
github.com/drallgood/audiobookshelf-hardcover-sync/cmd/image-tool/main.go:62.2,63.16 2 0
github.com/drallgood/audiobookshelf-hardcover-sync/cmd/image-tool/main.go:63.16,74.3 3 0
github.com/drallgood/audiobookshelf-hardcover-sync/cmd/image-tool/main.go:77.2,78.37 2 0
github.com/drallgood/audiobookshelf-hardcover-sync/cmd/image-tool/main.go:78.37,80.3 1 0
github.com/drallgood/audiobookshelf-hardcover-sync/cmd/image-tool/main.go:82.2,91.60 3 0
github.com/drallgood/audiobookshelf-hardcover-sync/cmd/image-tool/main.go:91.60,95.3 3 0
github.com/drallgood/audiobookshelf-hardcover-sync/cmd/image-tool/main.go:97.2,97.39 1 0
github.com/drallgood/audiobookshelf-hardcover-sync/cmd/image-tool/main.go:97.39,101.3 3 0
github.com/drallgood/audiobookshelf-hardcover-sync/cmd/image-tool/main.go:104.2,104.19 1 0
github.com/drallgood/audiobookshelf-hardcover-sync/cmd/image-tool/main.go:104.19,106.3 1 0
github.com/drallgood/audiobookshelf-hardcover-sync/cmd/image-tool/main.go:106.8,108.53 1 0
github.com/drallgood/audiobookshelf-hardcover-sync/cmd/image-tool/main.go:108.53,113.4 2 0
github.com/drallgood/audiobookshelf-hardcover-sync/cmd/image-tool/main.go:114.3,114.67 1 0
github.com/drallgood/audiobookshelf-hardcover-sync/cmd/image-tool/main.go:119.60,121.22 1 0
github.com/drallgood/audiobookshelf-hardcover-sync/cmd/image-tool/main.go:121.22,123.51 1 0
github.com/drallgood/audiobookshelf-hardcover-sync/cmd/image-tool/main.go:123.51,125.4 1 0
github.com/drallgood/audiobookshelf-hardcover-sync/cmd/image-tool/main.go:125.9,128.51 2 0
github.com/drallgood/audiobookshelf-hardcover-sync/cmd/image-tool/main.go:128.51,130.5 1 0
github.com/drallgood/audiobookshelf-hardcover-sync/cmd/image-tool/main.go:135.2,136.16 2 0
github.com/drallgood/audiobookshelf-hardcover-sync/cmd/image-tool/main.go:136.16,138.3 1 0
github.com/drallgood/audiobookshelf-hardcover-sync/cmd/image-tool/main.go:140.2,140.17 1 0
github.com/drallgood/audiobookshelf-hardcover-sync/cmd/image-tool/main.go:144.80,156.17 4 0
github.com/drallgood/audiobookshelf-hardcover-sync/cmd/image-tool/main.go:156.17,159.3 2 0
github.com/drallgood/audiobookshelf-hardcover-sync/cmd/image-tool/main.go:162.2,165.36 3 0
github.com/drallgood/audiobookshelf-hardcover-sync/cmd/image-tool/main.go:165.36,167.3 1 0
github.com/drallgood/audiobookshelf-hardcover-sync/cmd/image-tool/main.go:168.2,179.16 6 0
github.com/drallgood/audiobookshelf-hardcover-sync/cmd/image-tool/main.go:179.16,184.3 2 0
github.com/drallgood/audiobookshelf-hardcover-sync/cmd/image-tool/main.go:187.2,189.16 3 0
github.com/drallgood/audiobookshelf-hardcover-sync/cmd/image-tool/main.go:189.16,194.3 2 0
github.com/drallgood/audiobookshelf-hardcover-sync/cmd/image-tool/main.go:196.2,199.4 1 0
github.com/drallgood/audiobookshelf-hardcover-sync/cmd/image-tool/main.go:203.100,215.17 4 0
github.com/drallgood/audiobookshelf-hardcover-sync/cmd/image-tool/main.go:215.17,218.3 2 0
github.com/drallgood/audiobookshelf-hardcover-sync/cmd/image-tool/main.go:221.2,224.36 3 0
github.com/drallgood/audiobookshelf-hardcover-sync/cmd/image-tool/main.go:224.36,226.3 1 0
github.com/drallgood/audiobookshelf-hardcover-sync/cmd/image-tool/main.go:229.2,238.16 6 0
github.com/drallgood/audiobookshelf-hardcover-sync/cmd/image-tool/main.go:238.16,243.3 2 0
github.com/drallgood/audiobookshelf-hardcover-sync/cmd/image-tool/main.go:246.2,248.16 3 0
github.com/drallgood/audiobookshelf-hardcover-sync/cmd/image-tool/main.go:248.16,253.3 2 0
github.com/drallgood/audiobookshelf-hardcover-sync/cmd/image-tool/main.go:255.2,258.4 1 0
github.com/drallgood/audiobookshelf-hardcover-sync/cmd/image-tool/main.go:261.19,288.2 1 0
github.com/drallgood/audiobookshelf-hardcover-sync/cmd/lookup-tool/main.go:14.13,36.22 15 0
github.com/drallgood/audiobookshelf-hardcover-sync/cmd/lookup-tool/main.go:36.22,39.3 2 0
github.com/drallgood/audiobookshelf-hardcover-sync/cmd/lookup-tool/main.go:41.2,41.20 1 0
github.com/drallgood/audiobookshelf-hardcover-sync/cmd/lookup-tool/main.go:42.16,44.24 2 0
github.com/drallgood/audiobookshelf-hardcover-sync/cmd/lookup-tool/main.go:44.24,46.4 1 0
github.com/drallgood/audiobookshelf-hardcover-sync/cmd/lookup-tool/main.go:46.9,46.29 1 0
github.com/drallgood/audiobookshelf-hardcover-sync/cmd/lookup-tool/main.go:46.29,48.4 1 0
github.com/drallgood/audiobookshelf-hardcover-sync/cmd/lookup-tool/main.go:48.9,48.31 1 0
github.com/drallgood/audiobookshelf-hardcover-sync/cmd/lookup-tool/main.go:48.31,51.4 2 0
github.com/drallgood/audiobookshelf-hardcover-sync/cmd/lookup-tool/main.go:51.9,54.4 2 0
github.com/drallgood/audiobookshelf-hardcover-sync/cmd/lookup-tool/main.go:56.18,58.26 2 0
github.com/drallgood/audiobookshelf-hardcover-sync/cmd/lookup-tool/main.go:58.26,60.4 1 0
github.com/drallgood/audiobookshelf-hardcover-sync/cmd/lookup-tool/main.go:60.9,60.31 1 0
github.com/drallgood/audiobookshelf-hardcover-sync/cmd/lookup-tool/main.go:60.31,62.4 1 0
github.com/drallgood/audiobookshelf-hardcover-sync/cmd/lookup-tool/main.go:62.9,62.33 1 0
github.com/drallgood/audiobookshelf-hardcover-sync/cmd/lookup-tool/main.go:62.33,65.4 2 0
github.com/drallgood/audiobookshelf-hardcover-sync/cmd/lookup-tool/main.go:65.9,68.4 2 0
github.com/drallgood/audiobookshelf-hardcover-sync/cmd/lookup-tool/main.go:70.19,72.27 2 0
github.com/drallgood/audiobookshelf-hardcover-sync/cmd/lookup-tool/main.go:72.27,74.4 1 0
github.com/drallgood/audiobookshelf-hardcover-sync/cmd/lookup-tool/main.go:74.9,74.32 1 0
github.com/drallgood/audiobookshelf-hardcover-sync/cmd/lookup-tool/main.go:74.32,76.4 1 0
github.com/drallgood/audiobookshelf-hardcover-sync/cmd/lookup-tool/main.go:76.9,76.34 1 0
github.com/drallgood/audiobookshelf-hardcover-sync/cmd/lookup-tool/main.go:76.34,79.4 2 0
github.com/drallgood/audiobookshelf-hardcover-sync/cmd/lookup-tool/main.go:79.9,82.4 2 0
github.com/drallgood/audiobookshelf-hardcover-sync/cmd/lookup-tool/main.go:84.14,85.15 1 0
github.com/drallgood/audiobookshelf-hardcover-sync/cmd/lookup-tool/main.go:87.10,90.13 3 0
github.com/drallgood/audiobookshelf-hardcover-sync/cmd/lookup-tool/main.go:95.41,95.98 1 0
github.com/drallgood/audiobookshelf-hardcover-sync/cmd/lookup-tool/main.go:96.41,96.96 1 0
github.com/drallgood/audiobookshelf-hardcover-sync/cmd/lookup-tool/main.go:97.40,97.106 1 0
github.com/drallgood/audiobookshelf-hardcover-sync/cmd/lookup-tool/main.go:99.43,99.102 1 0
github.com/drallgood/audiobookshelf-hardcover-sync/cmd/lookup-tool/main.go:100.43,100.100 1 0
github.com/drallgood/audiobookshelf-hardcover-sync/cmd/lookup-tool/main.go:101.42,101.110 1 0
github.com/drallgood/audiobookshelf-hardcover-sync/cmd/lookup-tool/main.go:103.44,103.104 1 0
github.com/drallgood/audiobookshelf-hardcover-sync/cmd/lookup-tool/main.go:104.44,104.102 1 0
github.com/drallgood/audiobookshelf-hardcover-sync/cmd/lookup-tool/main.go:105.43,105.112 1 0
github.com/drallgood/audiobookshelf-hardcover-sync/cmd/lookup-tool/main.go:107.19,133.2 1 0
github.com/drallgood/audiobookshelf-hardcover-sync/debug/find_null_editions/find_null_editions.go:18.33,20.2 1 0
github.com/drallgood/audiobookshelf-hardcover-sync/debug/find_null_editions/find_null_editions.go:22.13,59.16 7 0
github.com/drallgood/audiobookshelf-hardcover-sync/debug/find_null_editions/find_null_editions.go:59.16,62.3 2 0
github.com/drallgood/audiobookshelf-hardcover-sync/debug/find_null_editions/find_null_editions.go:64.2,69.16 5 0
github.com/drallgood/audiobookshelf-hardcover-sync/debug/find_null_editions/find_null_editions.go:69.16,72.3 2 0
github.com/drallgood/audiobookshelf-hardcover-sync/debug/find_null_editions/find_null_editions.go:73.2,76.16 3 0
github.com/drallgood/audiobookshelf-hardcover-sync/debug/find_null_editions/find_null_editions.go:76.16,79.3 2 0
github.com/drallgood/audiobookshelf-hardcover-sync/debug/find_null_editions/find_null_editions.go:81.2,102.54 3 0
github.com/drallgood/audiobookshelf-hardcover-sync/debug/find_null_editions/find_null_editions.go:102.54,105.3 2 0
github.com/drallgood/audiobookshelf-hardcover-sync/debug/find_null_editions/find_null_editions.go:107.2,109.48 2 0
github.com/drallgood/audiobookshelf-hardcover-sync/debug/find_null_editions/find_null_editions.go:109.48,115.60 5 0
github.com/drallgood/audiobookshelf-hardcover-sync/debug/find_null_editions/find_null_editions.go:115.60,117.4 1 0
github.com/drallgood/audiobookshelf-hardcover-sync/debug/find_null_editions/find_null_editions.go:117.9,117.67 1 0
github.com/drallgood/audiobookshelf-hardcover-sync/debug/find_null_editions/find_null_editions.go:117.67,119.4 1 0
github.com/drallgood/audiobookshelf-hardcover-sync/internal/api/audiobookshelf/client.go:37.47,51.2 3 0
github.com/drallgood/audiobookshelf-hardcover-sync/internal/api/audiobookshelf/client.go:54.85,61.16 4 0
github.com/drallgood/audiobookshelf-hardcover-sync/internal/api/audiobookshelf/client.go:61.16,66.3 2 0
github.com/drallgood/audiobookshelf-hardcover-sync/internal/api/audiobookshelf/client.go:68.2,72.16 4 0
github.com/drallgood/audiobookshelf-hardcover-sync/internal/api/audiobookshelf/client.go:72.16,77.3 2 0
github.com/drallgood/audiobookshelf-hardcover-sync/internal/api/audiobookshelf/client.go:78.2,81.16 3 0
github.com/drallgood/audiobookshelf-hardcover-sync/internal/api/audiobookshelf/client.go:81.16,86.3 2 0
github.com/drallgood/audiobookshelf-hardcover-sync/internal/api/audiobookshelf/client.go:88.2,88.38 1 0
github.com/drallgood/audiobookshelf-hardcover-sync/internal/api/audiobookshelf/client.go:88.38,94.3 2 0
github.com/drallgood/audiobookshelf-hardcover-sync/internal/api/audiobookshelf/client.go:96.2,100.54 2 0
github.com/drallgood/audiobookshelf-hardcover-sync/internal/api/audiobookshelf/client.go:100.54,105.3 2 0
github.com/drallgood/audiobookshelf-hardcover-sync/internal/api/audiobookshelf/client.go:107.2,110.30 2 0
github.com/drallgood/audiobookshelf-hardcover-sync/internal/api/audiobookshelf/client.go:114.110,115.21 1 0
github.com/drallgood/audiobookshelf-hardcover-sync/internal/api/audiobookshelf/client.go:115.21,117.3 1 0
github.com/drallgood/audiobookshelf-hardcover-sync/internal/api/audiobookshelf/client.go:118.2,125.16 4 0
github.com/drallgood/audiobookshelf-hardcover-sync/internal/api/audiobookshelf/client.go:125.16,130.3 2 0
github.com/drallgood/audiobookshelf-hardcover-sync/internal/api/audiobookshelf/client.go:133.2,139.16 5 0
github.com/drallgood/audiobookshelf-hardcover-sync/internal/api/audiobookshelf/client.go:139.16,144.3 2 0
github.com/drallgood/audiobookshelf-hardcover-sync/internal/api/audiobookshelf/client.go:145.2,148.38 2 0
github.com/drallgood/audiobookshelf-hardcover-sync/internal/api/audiobookshelf/client.go:148.38,155.3 3 0
github.com/drallgood/audiobookshelf-hardcover-sync/internal/api/audiobookshelf/client.go:158.2,159.16 2 0
github.com/drallgood/audiobookshelf-hardcover-sync/internal/api/audiobookshelf/client.go:159.16,164.3 2 0
github.com/drallgood/audiobookshelf-hardcover-sync/internal/api/audiobookshelf/client.go:167.2,174.50 4 0
github.com/drallgood/audiobookshelf-hardcover-sync/internal/api/audiobookshelf/client.go:174.50,182.3 3 0
github.com/drallgood/audiobookshelf-hardcover-sync/internal/api/audiobookshelf/client.go:185.2,188.58 2 0
github.com/drallgood/audiobookshelf-hardcover-sync/internal/api/audiobookshelf/client.go:188.58,195.69 3 0
github.com/drallgood/audiobookshelf-hardcover-sync/internal/api/audiobookshelf/client.go:195.69,200.4 1 0
github.com/drallgood/audiobookshelf-hardcover-sync/internal/api/audiobookshelf/client.go:200.9,204.4 1 0
github.com/drallgood/audiobookshelf-hardcover-sync/internal/api/audiobookshelf/client.go:205.8,209.3 1 0
github.com/drallgood/audiobookshelf-hardcover-sync/internal/api/audiobookshelf/client.go:212.2,218.58 5 0
github.com/drallgood/audiobookshelf-hardcover-sync/internal/api/audiobookshelf/client.go:218.58,223.3 1 0
github.com/drallgood/audiobookshelf-hardcover-sync/internal/api/audiobookshelf/client.go:223.8,227.3 1 0
github.com/drallgood/audiobookshelf-hardcover-sync/internal/api/audiobookshelf/client.go:230.2,232.58 3 0
github.com/drallgood/audiobookshelf-hardcover-sync/internal/api/audiobookshelf/client.go:232.58,237.3 1 0
github.com/drallgood/audiobookshelf-hardcover-sync/internal/api/audiobookshelf/client.go:237.8,241.3 1 0
github.com/drallgood/audiobookshelf-hardcover-sync/internal/api/audiobookshelf/client.go:244.2,244.54 1 0
github.com/drallgood/audiobookshelf-hardcover-sync/internal/api/audiobookshelf/client.go:244.54,249.3 1 0
github.com/drallgood/audiobookshelf-hardcover-sync/internal/api/audiobookshelf/client.go:249.8,249.40 1 0
github.com/drallgood/audiobookshelf-hardcover-sync/internal/api/audiobookshelf/client.go:249.40,253.3 1 0
github.com/drallgood/audiobookshelf-hardcover-sync/internal/api/audiobookshelf/client.go:256.2,257.28 2 0
github.com/drallgood/audiobookshelf-hardcover-sync/internal/api/audiobookshelf/client.go:257.28,259.3 1 0
github.com/drallgood/audiobookshelf-hardcover-sync/internal/api/audiobookshelf/client.go:260.2,267.59 3 0
github.com/drallgood/audiobookshelf-hardcover-sync/internal/api/audiobookshelf/client.go:267.59,273.3 2 0
github.com/drallgood/audiobookshelf-hardcover-sync/internal/api/audiobookshelf/client.go:276.2,277.29 2 0
github.com/drallgood/audiobookshelf-hardcover-sync/internal/api/audiobookshelf/client.go:277.29,279.3 1 0
github.com/drallgood/audiobookshelf-hardcover-sync/internal/api/audiobookshelf/client.go:280.2,286.17 3 0
github.com/drallgood/audiobookshelf-hardcover-sync/internal/api/audiobookshelf/client.go:286.17,291.3 2 0
github.com/drallgood/audiobookshelf-hardcover-sync/internal/api/audiobookshelf/client.go:294.2,300.16 3 0
github.com/drallgood/audiobookshelf-hardcover-sync/internal/api/audiobookshelf/client.go:300.16,305.3 2 0
github.com/drallgood/audiobookshelf-hardcover-sync/internal/api/audiobookshelf/client.go:307.2,308.60 2 0
github.com/drallgood/audiobookshelf-hardcover-sync/internal/api/audiobookshelf/client.go:308.60,313.3 2 0
github.com/drallgood/audiobookshelf-hardcover-sync/internal/api/audiobookshelf/client.go:316.2,316.20 1 0
github.com/drallgood/audiobookshelf-hardcover-sync/internal/api/audiobookshelf/client.go:316.20,325.75 3 0
github.com/drallgood/audiobookshelf-hardcover-sync/internal/api/audiobookshelf/client.go:325.75,329.4 1 0
github.com/drallgood/audiobookshelf-hardcover-sync/internal/api/audiobookshelf/client.go:332.2,343.29 3 0
github.com/drallgood/audiobookshelf-hardcover-sync/internal/api/audiobookshelf/client.go:343.29,352.3 2 0
github.com/drallgood/audiobookshelf-hardcover-sync/internal/api/audiobookshelf/client.go:354.2,354.28 1 0
github.com/drallgood/audiobookshelf-hardcover-sync/internal/api/audiobookshelf/client.go:358.99,365.16 4 0
github.com/drallgood/audiobookshelf-hardcover-sync/internal/api/audiobookshelf/client.go:365.16,368.3 2 0
github.com/drallgood/audiobookshelf-hardcover-sync/internal/api/audiobookshelf/client.go:370.2,374.16 4 0
github.com/drallgood/audiobookshelf-hardcover-sync/internal/api/audiobookshelf/client.go:374.16,377.3 2 0
github.com/drallgood/audiobookshelf-hardcover-sync/internal/api/audiobookshelf/client.go:378.2,381.16 3 0
github.com/drallgood/audiobookshelf-hardcover-sync/internal/api/audiobookshelf/client.go:381.16,384.3 2 0
github.com/drallgood/audiobookshelf-hardcover-sync/internal/api/audiobookshelf/client.go:386.2,386.38 1 0
github.com/drallgood/audiobookshelf-hardcover-sync/internal/api/audiobookshelf/client.go:386.38,392.3 2 0
github.com/drallgood/audiobookshelf-hardcover-sync/internal/api/audiobookshelf/client.go:394.2,395.56 2 0
github.com/drallgood/audiobookshelf-hardcover-sync/internal/api/audiobookshelf/client.go:395.56,400.3 2 0
github.com/drallgood/audiobookshelf-hardcover-sync/internal/api/audiobookshelf/client.go:402.2,407.23 2 0
github.com/drallgood/audiobookshelf-hardcover-sync/internal/api/audiobookshelf/client.go:411.114,423.16 5 0
github.com/drallgood/audiobookshelf-hardcover-sync/internal/api/audiobookshelf/client.go:423.16,428.3 2 0
github.com/drallgood/audiobookshelf-hardcover-sync/internal/api/audiobookshelf/client.go:431.2,437.16 5 0
github.com/drallgood/audiobookshelf-hardcover-sync/internal/api/audiobookshelf/client.go:437.16,442.3 2 0
github.com/drallgood/audiobookshelf-hardcover-sync/internal/api/audiobookshelf/client.go:443.2,446.38 2 0
github.com/drallgood/audiobookshelf-hardcover-sync/internal/api/audiobookshelf/client.go:446.38,453.3 3 0
github.com/drallgood/audiobookshelf-hardcover-sync/internal/api/audiobookshelf/client.go:456.2,458.16 3 0
github.com/drallgood/audiobookshelf-hardcover-sync/internal/api/audiobookshelf/client.go:458.16,463.3 2 0
github.com/drallgood/audiobookshelf-hardcover-sync/internal/api/audiobookshelf/client.go:465.2,465.56 1 0
github.com/drallgood/audiobookshelf-hardcover-sync/internal/api/audiobookshelf/client.go:465.56,470.3 2 0
github.com/drallgood/audiobookshelf-hardcover-sync/internal/api/audiobookshelf/client.go:472.2,476.22 2 0
github.com/drallgood/audiobookshelf-hardcover-sync/debug/debug_edition/debug_edition.go:19.33,21.2 1 0
github.com/drallgood/audiobookshelf-hardcover-sync/debug/debug_edition/debug_edition.go:23.13,24.22 1 0
github.com/drallgood/audiobookshelf-hardcover-sync/debug/debug_edition/debug_edition.go:24.22,28.3 3 0
github.com/drallgood/audiobookshelf-hardcover-sync/debug/debug_edition/debug_edition.go:30.2,30.51 1 0
github.com/drallgood/audiobookshelf-hardcover-sync/debug/debug_edition/debug_edition.go:30.51,32.17 2 0
github.com/drallgood/audiobookshelf-hardcover-sync/debug/debug_edition/debug_edition.go:32.17,35.4 2 0
github.com/drallgood/audiobookshelf-hardcover-sync/debug/debug_edition/debug_edition.go:37.3,40.9 4 0
github.com/drallgood/audiobookshelf-hardcover-sync/debug/debug_edition/debug_edition.go:43.2,44.16 2 0
github.com/drallgood/audiobookshelf-hardcover-sync/debug/debug_edition/debug_edition.go:44.16,47.3 2 0
github.com/drallgood/audiobookshelf-hardcover-sync/debug/debug_edition/debug_edition.go:49.2,50.45 2 0
github.com/drallgood/audiobookshelf-hardcover-sync/debug/debug_edition/debug_edition.go:54.54,92.16 9 0
github.com/drallgood/audiobookshelf-hardcover-sync/debug/debug_edition/debug_edition.go:92.16,95.3 2 0
github.com/drallgood/audiobookshelf-hardcover-sync/debug/debug_edition/debug_edition.go:97.2,102.16 5 0
github.com/drallgood/audiobookshelf-hardcover-sync/debug/debug_edition/debug_edition.go:102.16,105.3 2 0
github.com/drallgood/audiobookshelf-hardcover-sync/debug/debug_edition/debug_edition.go:106.2,109.16 3 0
github.com/drallgood/audiobookshelf-hardcover-sync/debug/debug_edition/debug_edition.go:109.16,112.3 2 0
github.com/drallgood/audiobookshelf-hardcover-sync/debug/debug_edition/debug_edition.go:114.2,137.54 3 0
github.com/drallgood/audiobookshelf-hardcover-sync/debug/debug_edition/debug_edition.go:137.54,140.3 2 0
github.com/drallgood/audiobookshelf-hardcover-sync/debug/debug_edition/debug_edition.go:142.2,142.41 1 0
github.com/drallgood/audiobookshelf-hardcover-sync/debug/debug_edition/debug_edition.go:142.41,145.3 2 0
github.com/drallgood/audiobookshelf-hardcover-sync/debug/debug_edition/debug_edition.go:147.2,156.33 9 0
github.com/drallgood/audiobookshelf-hardcover-sync/debug/debug_edition/debug_edition.go:156.33,160.3 3 0
github.com/drallgood/audiobookshelf-hardcover-sync/debug/debug_edition/debug_edition.go:160.8,162.3 1 0
github.com/drallgood/audiobookshelf-hardcover-sync/debug/debug_edition/debug_edition.go:165.2,165.59 1 0
github.com/drallgood/audiobookshelf-hardcover-sync/debug/debug_edition/debug_edition.go:165.59,168.3 2 0
github.com/drallgood/audiobookshelf-hardcover-sync/debug/debug_edition/debug_edition.go:168.8,168.111 1 0
github.com/drallgood/audiobookshelf-hardcover-sync/debug/debug_edition/debug_edition.go:168.111,170.3 1 0
github.com/drallgood/audiobookshelf-hardcover-sync/debug/debug_edition/debug_edition.go:170.8,170.66 1 0
github.com/drallgood/audiobookshelf-hardcover-sync/debug/debug_edition/debug_edition.go:170.66,172.3 1 0
github.com/drallgood/audiobookshelf-hardcover-sync/debug/debug_edition/debug_edition.go:172.8,174.3 1 0
github.com/drallgood/audiobookshelf-hardcover-sync/debug/debug_edition/debug_edition.go:176.2,176.39 1 0
github.com/drallgood/audiobookshelf-hardcover-sync/debug/debug_edition/debug_edition.go:180.48,181.21 1 0
github.com/drallgood/audiobookshelf-hardcover-sync/debug/debug_edition/debug_edition.go:181.21,184.3 2 0
github.com/drallgood/audiobookshelf-hardcover-sync/debug/debug_edition/debug_edition.go:186.2,217.16 9 0
github.com/drallgood/audiobookshelf-hardcover-sync/debug/debug_edition/debug_edition.go:217.16,220.3 2 0
github.com/drallgood/audiobookshelf-hardcover-sync/debug/debug_edition/debug_edition.go:222.2,227.16 5 0
github.com/drallgood/audiobookshelf-hardcover-sync/debug/debug_edition/debug_edition.go:227.16,230.3 2 0
github.com/drallgood/audiobookshelf-hardcover-sync/debug/debug_edition/debug_edition.go:231.2,234.16 3 0
github.com/drallgood/audiobookshelf-hardcover-sync/debug/debug_edition/debug_edition.go:234.16,237.3 2 0
github.com/drallgood/audiobookshelf-hardcover-sync/debug/debug_edition/debug_edition.go:239.2,254.54 2 0
github.com/drallgood/audiobookshelf-hardcover-sync/debug/debug_edition/debug_edition.go:254.54,257.3 2 0
github.com/drallgood/audiobookshelf-hardcover-sync/debug/debug_edition/debug_edition.go:259.2,259.37 1 0
github.com/drallgood/audiobookshelf-hardcover-sync/debug/debug_edition/debug_edition.go:259.37,262.3 2 0
github.com/drallgood/audiobookshelf-hardcover-sync/debug/debug_edition/debug_edition.go:264.2,269.23 5 0
github.com/drallgood/audiobookshelf-hardcover-sync/debug/debug_edition/debug_edition.go:269.23,273.3 3 0
github.com/drallgood/audiobookshelf-hardcover-sync/debug/debug_edition/debug_edition.go:273.8,275.3 1 0
github.com/drallgood/audiobookshelf-hardcover-sync/debug/debug_edition/debug_edition.go:277.2,277.25 1 0
github.com/drallgood/audiobookshelf-hardcover-sync/debug/debug_edition/debug_edition.go:277.25,280.3 2 0
github.com/drallgood/audiobookshelf-hardcover-sync/debug/debug_edition/debug_edition.go:280.8,283.3 2 0
github.com/drallgood/audiobookshelf-hardcover-sync/debug/fix_all_null_editions/fix_all_null_editions.go:21.33,23.17 2 0
github.com/drallgood/audiobookshelf-hardcover-sync/debug/fix_all_null_editions/fix_all_null_editions.go:23.17,26.3 2 0
github.com/drallgood/audiobookshelf-hardcover-sync/debug/fix_all_null_editions/fix_all_null_editions.go:27.2,27.14 1 0
github.com/drallgood/audiobookshelf-hardcover-sync/debug/fix_all_null_editions/fix_all_null_editions.go:30.39,45.16 7 0
github.com/drallgood/audiobookshelf-hardcover-sync/debug/fix_all_null_editions/fix_all_null_editions.go:45.16,47.3 1 0
github.com/drallgood/audiobookshelf-hardcover-sync/debug/fix_all_null_editions/fix_all_null_editions.go:48.2,53.16 5 0
github.com/drallgood/audiobookshelf-hardcover-sync/debug/fix_all_null_editions/fix_all_null_editions.go:53.16,55.3 1 0
github.com/drallgood/audiobookshelf-hardcover-sync/debug/fix_all_null_editions/fix_all_null_editions.go:56.2,58.28 2 0
github.com/drallgood/audiobookshelf-hardcover-sync/debug/fix_all_null_editions/fix_all_null_editions.go:58.28,61.3 2 0
github.com/drallgood/audiobookshelf-hardcover-sync/debug/fix_all_null_editions/fix_all_null_editions.go:63.2,72.16 3 0
github.com/drallgood/audiobookshelf-hardcover-sync/debug/fix_all_null_editions/fix_all_null_editions.go:72.16,74.3 1 0
github.com/drallgood/audiobookshelf-hardcover-sync/debug/fix_all_null_editions/fix_all_null_editions.go:76.2,76.54 1 0
github.com/drallgood/audiobookshelf-hardcover-sync/debug/fix_all_null_editions/fix_all_null_editions.go:76.54,78.3 1 0
github.com/drallgood/audiobookshelf-hardcover-sync/debug/fix_all_null_editions/fix_all_null_editions.go:80.2,80.30 1 0
github.com/drallgood/audiobookshelf-hardcover-sync/debug/fix_all_null_editions/fix_all_null_editions.go:80.30,82.3 1 0
github.com/drallgood/audiobookshelf-hardcover-sync/debug/fix_all_null_editions/fix_all_null_editions.go:84.2,84.40 1 0
github.com/drallgood/audiobookshelf-hardcover-sync/debug/fix_all_null_editions/fix_all_null_editions.go:87.48,89.16 2 0
github.com/drallgood/audiobookshelf-hardcover-sync/debug/fix_all_null_editions/fix_all_null_editions.go:89.16,91.3 1 0
github.com/drallgood/audiobookshelf-hardcover-sync/debug/fix_all_null_editions/fix_all_null_editions.go:94.2,124.16 5 0
github.com/drallgood/audiobookshelf-hardcover-sync/debug/fix_all_null_editions/fix_all_null_editions.go:124.16,126.3 1 0
github.com/drallgood/audiobookshelf-hardcover-sync/debug/fix_all_null_editions/fix_all_null_editions.go:128.2,132.16 4 0
github.com/drallgood/audiobookshelf-hardcover-sync/debug/fix_all_null_editions/fix_all_null_editions.go:132.16,134.3 1 0
github.com/drallgood/audiobookshelf-hardcover-sync/debug/fix_all_null_editions/fix_all_null_editions.go:136.2,141.16 5 0
github.com/drallgood/audiobookshelf-hardcover-sync/debug/fix_all_null_editions/fix_all_null_editions.go:141.16,143.3 1 0
github.com/drallgood/audiobookshelf-hardcover-sync/debug/fix_all_null_editions/fix_all_null_editions.go:144.2,146.28 2 0
github.com/drallgood/audiobookshelf-hardcover-sync/debug/fix_all_null_editions/fix_all_null_editions.go:146.28,149.3 2 0
github.com/drallgood/audiobookshelf-hardcover-sync/debug/fix_all_null_editions/fix_all_null_editions.go:151.2,167.16 3 0
github.com/drallgood/audiobookshelf-hardcover-sync/debug/fix_all_null_editions/fix_all_null_editions.go:167.16,169.3 1 0
github.com/drallgood/audiobookshelf-hardcover-sync/debug/fix_all_null_editions/fix_all_null_editions.go:171.2,171.54 1 0
github.com/drallgood/audiobookshelf-hardcover-sync/debug/fix_all_null_editions/fix_all_null_editions.go:171.54,173.3 1 0
github.com/drallgood/audiobookshelf-hardcover-sync/debug/fix_all_null_editions/fix_all_null_editions.go:175.2,175.28 1 0
github.com/drallgood/audiobookshelf-hardcover-sync/debug/fix_all_null_editions/fix_all_null_editions.go:175.28,177.3 1 0
github.com/drallgood/audiobookshelf-hardcover-sync/debug/fix_all_null_editions/fix_all_null_editions.go:179.2,180.48 2 0
github.com/drallgood/audiobookshelf-hardcover-sync/debug/fix_all_null_editions/fix_all_null_editions.go:180.48,181.36 1 0
github.com/drallgood/audiobookshelf-hardcover-sync/debug/fix_all_null_editions/fix_all_null_editions.go:181.36,187.4 1 0
github.com/drallgood/audiobookshelf-hardcover-sync/debug/fix_all_null_editions/fix_all_null_editions.go:190.2,190.21 1 0
github.com/drallgood/audiobookshelf-hardcover-sync/debug/fix_all_null_editions/fix_all_null_editions.go:193.45,219.16 5 0
github.com/drallgood/audiobookshelf-hardcover-sync/debug/fix_all_null_editions/fix_all_null_editions.go:219.16,221.3 1 0
github.com/drallgood/audiobookshelf-hardcover-sync/debug/fix_all_null_editions/fix_all_null_editions.go:223.2,227.16 4 0
github.com/drallgood/audiobookshelf-hardcover-sync/debug/fix_all_null_editions/fix_all_null_editions.go:227.16,229.3 1 0
github.com/drallgood/audiobookshelf-hardcover-sync/debug/fix_all_null_editions/fix_all_null_editions.go:231.2,236.16 5 0
github.com/drallgood/audiobookshelf-hardcover-sync/debug/fix_all_null_editions/fix_all_null_editions.go:236.16,238.3 1 0
github.com/drallgood/audiobookshelf-hardcover-sync/debug/fix_all_null_editions/fix_all_null_editions.go:239.2,241.28 2 0
github.com/drallgood/audiobookshelf-hardcover-sync/debug/fix_all_null_editions/fix_all_null_editions.go:241.28,244.3 2 0
github.com/drallgood/audiobookshelf-hardcover-sync/debug/fix_all_null_editions/fix_all_null_editions.go:246.2,263.16 3 0
github.com/drallgood/audiobookshelf-hardcover-sync/debug/fix_all_null_editions/fix_all_null_editions.go:263.16,265.3 1 0
github.com/drallgood/audiobookshelf-hardcover-sync/debug/fix_all_null_editions/fix_all_null_editions.go:267.2,267.54 1 0
github.com/drallgood/audiobookshelf-hardcover-sync/debug/fix_all_null_editions/fix_all_null_editions.go:267.54,269.3 1 0
github.com/drallgood/audiobookshelf-hardcover-sync/debug/fix_all_null_editions/fix_all_null_editions.go:271.2,271.28 1 0
github.com/drallgood/audiobookshelf-hardcover-sync/debug/fix_all_null_editions/fix_all_null_editions.go:271.28,273.3 1 0
github.com/drallgood/audiobookshelf-hardcover-sync/debug/fix_all_null_editions/fix_all_null_editions.go:275.2,275.49 1 0
github.com/drallgood/audiobookshelf-hardcover-sync/debug/fix_all_null_editions/fix_all_null_editions.go:275.49,277.3 1 0
github.com/drallgood/audiobookshelf-hardcover-sync/debug/fix_all_null_editions/fix_all_null_editions.go:280.2,280.66 1 0
github.com/drallgood/audiobookshelf-hardcover-sync/debug/fix_all_null_editions/fix_all_null_editions.go:280.66,282.3 1 0
github.com/drallgood/audiobookshelf-hardcover-sync/debug/fix_all_null_editions/fix_all_null_editions.go:284.2,287.12 2 0
github.com/drallgood/audiobookshelf-hardcover-sync/debug/fix_all_null_editions/fix_all_null_editions.go:290.13,291.48 1 0
github.com/drallgood/audiobookshelf-hardcover-sync/debug/fix_all_null_editions/fix_all_null_editions.go:291.48,297.3 5 0
github.com/drallgood/audiobookshelf-hardcover-sync/debug/fix_all_null_editions/fix_all_null_editions.go:299.2,303.16 4 0
github.com/drallgood/audiobookshelf-hardcover-sync/debug/fix_all_null_editions/fix_all_null_editions.go:303.16,306.3 2 0
github.com/drallgood/audiobookshelf-hardcover-sync/debug/fix_all_null_editions/fix_all_null_editions.go:308.2,308.23 1 0
github.com/drallgood/audiobookshelf-hardcover-sync/debug/fix_all_null_editions/fix_all_null_editions.go:308.23,311.3 2 0
github.com/drallgood/audiobookshelf-hardcover-sync/debug/fix_all_null_editions/fix_all_null_editions.go:313.2,314.32 2 0
github.com/drallgood/audiobookshelf-hardcover-sync/debug/fix_all_null_editions/fix_all_null_editions.go:314.32,317.3 1 0
github.com/drallgood/audiobookshelf-hardcover-sync/debug/fix_all_null_editions/fix_all_null_editions.go:319.2,319.12 1 0
github.com/drallgood/audiobookshelf-hardcover-sync/debug/fix_all_null_editions/fix_all_null_editions.go:319.12,323.3 3 0
github.com/drallgood/audiobookshelf-hardcover-sync/debug/fix_all_null_editions/fix_all_null_editions.go:325.2,330.32 4 0
github.com/drallgood/audiobookshelf-hardcover-sync/debug/fix_all_null_editions/fix_all_null_editions.go:330.32,331.52 1 0
github.com/drallgood/audiobookshelf-hardcover-sync/debug/fix_all_null_editions/fix_all_null_editions.go:331.52,334.4 2 0
github.com/drallgood/audiobookshelf-hardcover-sync/debug/fix_all_null_editions/fix_all_null_editions.go:334.9,336.4 1 0
github.com/drallgood/audiobookshelf-hardcover-sync/debug/fix_all_null_editions/fix_all_null_editions.go:339.3,339.30 1 0
github.com/drallgood/audiobookshelf-hardcover-sync/debug/fix_all_null_editions/fix_all_null_editions.go:342.2,347.16 5 0
github.com/drallgood/audiobookshelf-hardcover-sync/debug/fix_all_null_editions/fix_all_null_editions.go:347.16,350.3 2 0
github.com/drallgood/audiobookshelf-hardcover-sync/debug/fix_all_null_editions/fix_all_null_editions.go:350.8,352.3 1 0
github.com/drallgood/audiobookshelf-hardcover-sync/debug/fix_null_editions/fix_null_editions.go:18.33,20.2 1 0
github.com/drallgood/audiobookshelf-hardcover-sync/debug/fix_null_editions/fix_null_editions.go:22.13,28.16 4 0
github.com/drallgood/audiobookshelf-hardcover-sync/debug/fix_null_editions/fix_null_editions.go:28.16,31.3 2 0
github.com/drallgood/audiobookshelf-hardcover-sync/debug/fix_null_editions/fix_null_editions.go:33.2,35.23 2 0
github.com/drallgood/audiobookshelf-hardcover-sync/debug/fix_null_editions/fix_null_editions.go:35.23,38.3 2 0
github.com/drallgood/audiobookshelf-hardcover-sync/debug/fix_null_editions/fix_null_editions.go:41.2,45.40 4 0
github.com/drallgood/audiobookshelf-hardcover-sync/debug/fix_null_editions/fix_null_editions.go:45.40,48.3 2 0
github.com/drallgood/audiobookshelf-hardcover-sync/debug/fix_null_editions/fix_null_editions.go:51.2,52.32 2 0
github.com/drallgood/audiobookshelf-hardcover-sync/debug/fix_null_editions/fix_null_editions.go:52.32,56.75 2 0
github.com/drallgood/audiobookshelf-hardcover-sync/debug/fix_null_editions/fix_null_editions.go:56.75,58.4 1 0
github.com/drallgood/audiobookshelf-hardcover-sync/debug/fix_null_editions/fix_null_editions.go:58.9,61.4 2 0
github.com/drallgood/audiobookshelf-hardcover-sync/debug/fix_null_editions/fix_null_editions.go:64.3,64.30 1 0
github.com/drallgood/audiobookshelf-hardcover-sync/debug/fix_null_editions/fix_null_editions.go:67.2,70.48 4 0
github.com/drallgood/audiobookshelf-hardcover-sync/debug/fix_null_editions/fix_null_editions.go:80.59,114.16 7 0
github.com/drallgood/audiobookshelf-hardcover-sync/debug/fix_null_editions/fix_null_editions.go:114.16,116.3 1 0
github.com/drallgood/audiobookshelf-hardcover-sync/debug/fix_null_editions/fix_null_editions.go:118.2,123.16 5 0
github.com/drallgood/audiobookshelf-hardcover-sync/debug/fix_null_editions/fix_null_editions.go:123.16,125.3 1 0
github.com/drallgood/audiobookshelf-hardcover-sync/debug/fix_null_editions/fix_null_editions.go:126.2,129.16 3 0
github.com/drallgood/audiobookshelf-hardcover-sync/debug/fix_null_editions/fix_null_editions.go:129.16,131.3 1 0
github.com/drallgood/audiobookshelf-hardcover-sync/debug/fix_null_editions/fix_null_editions.go:133.2,151.54 2 0
github.com/drallgood/audiobookshelf-hardcover-sync/debug/fix_null_editions/fix_null_editions.go:151.54,153.3 1 0
github.com/drallgood/audiobookshelf-hardcover-sync/debug/fix_null_editions/fix_null_editions.go:155.2,155.28 1 0
github.com/drallgood/audiobookshelf-hardcover-sync/debug/fix_null_editions/fix_null_editions.go:155.28,157.3 1 0
github.com/drallgood/audiobookshelf-hardcover-sync/debug/fix_null_editions/fix_null_editions.go:159.2,160.48 2 0
github.com/drallgood/audiobookshelf-hardcover-sync/debug/fix_null_editions/fix_null_editions.go:160.48,161.36 1 0
github.com/drallgood/audiobookshelf-hardcover-sync/debug/fix_null_editions/fix_null_editions.go:161.36,168.4 1 0
github.com/drallgood/audiobookshelf-hardcover-sync/debug/fix_null_editions/fix_null_editions.go:171.2,171.21 1 0
github.com/drallgood/audiobookshelf-hardcover-sync/debug/fix_null_editions/fix_null_editions.go:174.59,207.16 9 0
github.com/drallgood/audiobookshelf-hardcover-sync/debug/fix_null_editions/fix_null_editions.go:207.16,209.3 1 0
github.com/drallgood/audiobookshelf-hardcover-sync/debug/fix_null_editions/fix_null_editions.go:211.2,216.16 5 0
github.com/drallgood/audiobookshelf-hardcover-sync/debug/fix_null_editions/fix_null_editions.go:216.16,218.3 1 0
github.com/drallgood/audiobookshelf-hardcover-sync/debug/fix_null_editions/fix_null_editions.go:219.2,222.16 3 0
github.com/drallgood/audiobookshelf-hardcover-sync/debug/fix_null_editions/fix_null_editions.go:222.16,224.3 1 0
github.com/drallgood/audiobookshelf-hardcover-sync/debug/fix_null_editions/fix_null_editions.go:226.2,242.54 2 0
github.com/drallgood/audiobookshelf-hardcover-sync/debug/fix_null_editions/fix_null_editions.go:242.54,244.3 1 0
github.com/drallgood/audiobookshelf-hardcover-sync/debug/fix_null_editions/fix_null_editions.go:246.2,246.28 1 0
github.com/drallgood/audiobookshelf-hardcover-sync/debug/fix_null_editions/fix_null_editions.go:246.28,248.3 1 0
github.com/drallgood/audiobookshelf-hardcover-sync/debug/fix_null_editions/fix_null_editions.go:250.2,250.49 1 0
github.com/drallgood/audiobookshelf-hardcover-sync/debug/fix_null_editions/fix_null_editions.go:250.49,252.3 1 0
github.com/drallgood/audiobookshelf-hardcover-sync/debug/fix_null_editions/fix_null_editions.go:254.2,254.12 1 0
github.com/drallgood/audiobookshelf-hardcover-sync/debug/fix_null_editions_preserve_data/fix_null_editions_preserve_data.go:24.33,26.17 2 0
github.com/drallgood/audiobookshelf-hardcover-sync/debug/fix_null_editions_preserve_data/fix_null_editions_preserve_data.go:26.17,29.3 2 0
github.com/drallgood/audiobookshelf-hardcover-sync/debug/fix_null_editions_preserve_data/fix_null_editions_preserve_data.go:30.2,30.14 1 0
github.com/drallgood/audiobookshelf-hardcover-sync/debug/fix_null_editions_preserve_data/fix_null_editions_preserve_data.go:33.39,48.16 7 0
github.com/drallgood/audiobookshelf-hardcover-sync/debug/fix_null_editions_preserve_data/fix_null_editions_preserve_data.go:48.16,50.3 1 0
github.com/drallgood/audiobookshelf-hardcover-sync/debug/fix_null_editions_preserve_data/fix_null_editions_preserve_data.go:51.2,56.16 5 0
github.com/drallgood/audiobookshelf-hardcover-sync/debug/fix_null_editions_preserve_data/fix_null_editions_preserve_data.go:56.16,58.3 1 0
github.com/drallgood/audiobookshelf-hardcover-sync/debug/fix_null_editions_preserve_data/fix_null_editions_preserve_data.go:59.2,61.28 2 0
github.com/drallgood/audiobookshelf-hardcover-sync/debug/fix_null_editions_preserve_data/fix_null_editions_preserve_data.go:61.28,64.3 2 0
github.com/drallgood/audiobookshelf-hardcover-sync/debug/fix_null_editions_preserve_data/fix_null_editions_preserve_data.go:66.2,75.16 3 0
github.com/drallgood/audiobookshelf-hardcover-sync/debug/fix_null_editions_preserve_data/fix_null_editions_preserve_data.go:75.16,77.3 1 0
github.com/drallgood/audiobookshelf-hardcover-sync/debug/fix_null_editions_preserve_data/fix_null_editions_preserve_data.go:79.2,79.54 1 0
github.com/drallgood/audiobookshelf-hardcover-sync/debug/fix_null_editions_preserve_data/fix_null_editions_preserve_data.go:79.54,81.3 1 0
github.com/drallgood/audiobookshelf-hardcover-sync/debug/fix_null_editions_preserve_data/fix_null_editions_preserve_data.go:83.2,83.30 1 0
github.com/drallgood/audiobookshelf-hardcover-sync/debug/fix_null_editions_preserve_data/fix_null_editions_preserve_data.go:83.30,85.3 1 0
github.com/drallgood/audiobookshelf-hardcover-sync/debug/fix_null_editions_preserve_data/fix_null_editions_preserve_data.go:87.2,87.40 1 0
github.com/drallgood/audiobookshelf-hardcover-sync/debug/fix_null_editions_preserve_data/fix_null_editions_preserve_data.go:90.56,92.16 2 0
github.com/drallgood/audiobookshelf-hardcover-sync/debug/fix_null_editions_preserve_data/fix_null_editions_preserve_data.go:92.16,94.3 1 0
github.com/drallgood/audiobookshelf-hardcover-sync/debug/fix_null_editions_preserve_data/fix_null_editions_preserve_data.go:98.2,131.16 5 0
github.com/drallgood/audiobookshelf-hardcover-sync/debug/fix_null_editions_preserve_data/fix_null_editions_preserve_data.go:131.16,133.3 1 0
github.com/drallgood/audiobookshelf-hardcover-sync/debug/fix_null_editions_preserve_data/fix_null_editions_preserve_data.go:135.2,139.16 4 0
github.com/drallgood/audiobookshelf-hardcover-sync/debug/fix_null_editions_preserve_data/fix_null_editions_preserve_data.go:139.16,141.3 1 0
github.com/drallgood/audiobookshelf-hardcover-sync/debug/fix_null_editions_preserve_data/fix_null_editions_preserve_data.go:143.2,148.16 5 0
github.com/drallgood/audiobookshelf-hardcover-sync/debug/fix_null_editions_preserve_data/fix_null_editions_preserve_data.go:148.16,150.3 1 0
github.com/drallgood/audiobookshelf-hardcover-sync/debug/fix_null_editions_preserve_data/fix_null_editions_preserve_data.go:151.2,153.28 2 0
github.com/drallgood/audiobookshelf-hardcover-sync/debug/fix_null_editions_preserve_data/fix_null_editions_preserve_data.go:153.28,156.3 2 0
github.com/drallgood/audiobookshelf-hardcover-sync/debug/fix_null_editions_preserve_data/fix_null_editions_preserve_data.go:158.2,177.16 3 0
github.com/drallgood/audiobookshelf-hardcover-sync/debug/fix_null_editions_preserve_data/fix_null_editions_preserve_data.go:177.16,179.3 1 0
github.com/drallgood/audiobookshelf-hardcover-sync/debug/fix_null_editions_preserve_data/fix_null_editions_preserve_data.go:181.2,181.54 1 0
github.com/drallgood/audiobookshelf-hardcover-sync/debug/fix_null_editions_preserve_data/fix_null_editions_preserve_data.go:181.54,183.3 1 0
github.com/drallgood/audiobookshelf-hardcover-sync/debug/fix_null_editions_preserve_data/fix_null_editions_preserve_data.go:185.2,185.28 1 0
github.com/drallgood/audiobookshelf-hardcover-sync/debug/fix_null_editions_preserve_data/fix_null_editions_preserve_data.go:185.28,187.3 1 0
github.com/drallgood/audiobookshelf-hardcover-sync/debug/fix_null_editions_preserve_data/fix_null_editions_preserve_data.go:189.2,190.48 2 0
github.com/drallgood/audiobookshelf-hardcover-sync/debug/fix_null_editions_preserve_data/fix_null_editions_preserve_data.go:190.48,191.36 1 0
github.com/drallgood/audiobookshelf-hardcover-sync/debug/fix_null_editions_preserve_data/fix_null_editions_preserve_data.go:191.36,200.4 1 0
github.com/drallgood/audiobookshelf-hardcover-sync/debug/fix_null_editions_preserve_data/fix_null_editions_preserve_data.go:203.2,203.21 1 0
github.com/drallgood/audiobookshelf-hardcover-sync/debug/fix_null_editions_preserve_data/fix_null_editions_preserve_data.go:206.59,228.34 3 0
github.com/drallgood/audiobookshelf-hardcover-sync/debug/fix_null_editions_preserve_data/fix_null_editions_preserve_data.go:228.34,230.3 1 0
github.com/drallgood/audiobookshelf-hardcover-sync/debug/fix_null_editions_preserve_data/fix_null_editions_preserve_data.go:233.2,233.28 1 0
github.com/drallgood/audiobookshelf-hardcover-sync/debug/fix_null_editions_preserve_data/fix_null_editions_preserve_data.go:233.28,235.3 1 0
github.com/drallgood/audiobookshelf-hardcover-sync/debug/fix_null_editions_preserve_data/fix_null_editions_preserve_data.go:238.2,238.29 1 0
github.com/drallgood/audiobookshelf-hardcover-sync/debug/fix_null_editions_preserve_data/fix_null_editions_preserve_data.go:238.29,240.3 1 0
github.com/drallgood/audiobookshelf-hardcover-sync/debug/fix_null_editions_preserve_data/fix_null_editions_preserve_data.go:242.2,256.16 5 0
github.com/drallgood/audiobookshelf-hardcover-sync/debug/fix_null_editions_preserve_data/fix_null_editions_preserve_data.go:256.16,258.3 1 0
github.com/drallgood/audiobookshelf-hardcover-sync/debug/fix_null_editions_preserve_data/fix_null_editions_preserve_data.go:260.2,264.16 4 0
github.com/drallgood/audiobookshelf-hardcover-sync/debug/fix_null_editions_preserve_data/fix_null_editions_preserve_data.go:264.16,266.3 1 0
github.com/drallgood/audiobookshelf-hardcover-sync/debug/fix_null_editions_preserve_data/fix_null_editions_preserve_data.go:268.2,273.16 5 0
github.com/drallgood/audiobookshelf-hardcover-sync/debug/fix_null_editions_preserve_data/fix_null_editions_preserve_data.go:273.16,275.3 1 0
github.com/drallgood/audiobookshelf-hardcover-sync/debug/fix_null_editions_preserve_data/fix_null_editions_preserve_data.go:276.2,278.28 2 0
github.com/drallgood/audiobookshelf-hardcover-sync/debug/fix_null_editions_preserve_data/fix_null_editions_preserve_data.go:278.28,281.3 2 0
github.com/drallgood/audiobookshelf-hardcover-sync/debug/fix_null_editions_preserve_data/fix_null_editions_preserve_data.go:283.2,303.16 3 0
github.com/drallgood/audiobookshelf-hardcover-sync/debug/fix_null_editions_preserve_data/fix_null_editions_preserve_data.go:303.16,305.3 1 0
github.com/drallgood/audiobookshelf-hardcover-sync/debug/fix_null_editions_preserve_data/fix_null_editions_preserve_data.go:307.2,307.54 1 0
github.com/drallgood/audiobookshelf-hardcover-sync/debug/fix_null_editions_preserve_data/fix_null_editions_preserve_data.go:307.54,309.3 1 0
github.com/drallgood/audiobookshelf-hardcover-sync/debug/fix_null_editions_preserve_data/fix_null_editions_preserve_data.go:311.2,311.28 1 0
github.com/drallgood/audiobookshelf-hardcover-sync/debug/fix_null_editions_preserve_data/fix_null_editions_preserve_data.go:311.28,313.3 1 0
github.com/drallgood/audiobookshelf-hardcover-sync/debug/fix_null_editions_preserve_data/fix_null_editions_preserve_data.go:315.2,315.49 1 0
github.com/drallgood/audiobookshelf-hardcover-sync/debug/fix_null_editions_preserve_data/fix_null_editions_preserve_data.go:315.49,317.3 1 0
github.com/drallgood/audiobookshelf-hardcover-sync/debug/fix_null_editions_preserve_data/fix_null_editions_preserve_data.go:320.2,321.30 2 0
github.com/drallgood/audiobookshelf-hardcover-sync/debug/fix_null_editions_preserve_data/fix_null_editions_preserve_data.go:321.30,323.3 1 0
github.com/drallgood/audiobookshelf-hardcover-sync/debug/fix_null_editions_preserve_data/fix_null_editions_preserve_data.go:325.2,328.12 2 0
github.com/drallgood/audiobookshelf-hardcover-sync/debug/fix_null_editions_preserve_data/fix_null_editions_preserve_data.go:331.13,332.48 1 0
github.com/drallgood/audiobookshelf-hardcover-sync/debug/fix_null_editions_preserve_data/fix_null_editions_preserve_data.go:332.48,338.3 5 0
github.com/drallgood/audiobookshelf-hardcover-sync/debug/fix_null_editions_preserve_data/fix_null_editions_preserve_data.go:340.2,344.16 4 0
github.com/drallgood/audiobookshelf-hardcover-sync/debug/fix_null_editions_preserve_data/fix_null_editions_preserve_data.go:344.16,347.3 2 0
github.com/drallgood/audiobookshelf-hardcover-sync/debug/fix_null_editions_preserve_data/fix_null_editions_preserve_data.go:349.2,349.23 1 0
github.com/drallgood/audiobookshelf-hardcover-sync/debug/fix_null_editions_preserve_data/fix_null_editions_preserve_data.go:349.23,352.3 2 0
github.com/drallgood/audiobookshelf-hardcover-sync/debug/fix_null_editions_preserve_data/fix_null_editions_preserve_data.go:354.2,355.32 2 0
github.com/drallgood/audiobookshelf-hardcover-sync/debug/fix_null_editions_preserve_data/fix_null_editions_preserve_data.go:355.32,357.35 2 0
github.com/drallgood/audiobookshelf-hardcover-sync/debug/fix_null_editions_preserve_data/fix_null_editions_preserve_data.go:357.35,359.4 1 0
github.com/drallgood/audiobookshelf-hardcover-sync/debug/fix_null_editions_preserve_data/fix_null_editions_preserve_data.go:361.3,362.29 2 0
github.com/drallgood/audiobookshelf-hardcover-sync/debug/fix_null_editions_preserve_data/fix_null_editions_preserve_data.go:362.29,364.4 1 0
github.com/drallgood/audiobookshelf-hardcover-sync/debug/fix_null_editions_preserve_data/fix_null_editions_preserve_data.go:366.3,367.30 2 0
github.com/drallgood/audiobookshelf-hardcover-sync/debug/fix_null_editions_preserve_data/fix_null_editions_preserve_data.go:367.30,369.4 1 0
github.com/drallgood/audiobookshelf-hardcover-sync/debug/fix_null_editions_preserve_data/fix_null_editions_preserve_data.go:371.3,372.86 1 0
github.com/drallgood/audiobookshelf-hardcover-sync/debug/fix_null_editions_preserve_data/fix_null_editions_preserve_data.go:375.2,375.12 1 0
github.com/drallgood/audiobookshelf-hardcover-sync/debug/fix_null_editions_preserve_data/fix_null_editions_preserve_data.go:375.12,379.3 3 0
github.com/drallgood/audiobookshelf-hardcover-sync/debug/fix_null_editions_preserve_data/fix_null_editions_preserve_data.go:381.2,386.32 4 0
github.com/drallgood/audiobookshelf-hardcover-sync/debug/fix_null_editions_preserve_data/fix_null_editions_preserve_data.go:386.32,387.66 1 0
github.com/drallgood/audiobookshelf-hardcover-sync/debug/fix_null_editions_preserve_data/fix_null_editions_preserve_data.go:387.66,390.4 2 0
github.com/drallgood/audiobookshelf-hardcover-sync/debug/fix_null_editions_preserve_data/fix_null_editions_preserve_data.go:390.9,392.4 1 0
github.com/drallgood/audiobookshelf-hardcover-sync/debug/fix_null_editions_preserve_data/fix_null_editions_preserve_data.go:395.3,395.30 1 0
github.com/drallgood/audiobookshelf-hardcover-sync/debug/fix_null_editions_preserve_data/fix_null_editions_preserve_data.go:398.2,403.16 5 0
github.com/drallgood/audiobookshelf-hardcover-sync/debug/fix_null_editions_preserve_data/fix_null_editions_preserve_data.go:403.16,406.3 2 0
github.com/drallgood/audiobookshelf-hardcover-sync/debug/fix_null_editions_preserve_data/fix_null_editions_preserve_data.go:406.8,408.3 1 0
github.com/drallgood/audiobookshelf-hardcover-sync/internal/cache/cache.go:38.74,43.2 1 0
github.com/drallgood/audiobookshelf-hardcover-sync/internal/cache/cache.go:46.68,51.13 4 0
github.com/drallgood/audiobookshelf-hardcover-sync/internal/cache/cache.go:51.13,53.3 1 0
github.com/drallgood/audiobookshelf-hardcover-sync/internal/cache/cache.go:53.8,55.3 1 0
github.com/drallgood/audiobookshelf-hardcover-sync/internal/cache/cache.go:57.2,65.4 2 0
github.com/drallgood/audiobookshelf-hardcover-sync/internal/cache/cache.go:69.50,74.12 4 0
github.com/drallgood/audiobookshelf-hardcover-sync/internal/cache/cache.go:74.12,77.3 2 0
github.com/drallgood/audiobookshelf-hardcover-sync/internal/cache/cache.go:80.2,80.66 1 0
github.com/drallgood/audiobookshelf-hardcover-sync/internal/cache/cache.go:80.66,86.3 3 0
github.com/drallgood/audiobookshelf-hardcover-sync/internal/cache/cache.go:88.2,92.25 2 0
github.com/drallgood/audiobookshelf-hardcover-sync/internal/cache/cache.go:96.43,106.2 4 0
github.com/drallgood/audiobookshelf-hardcover-sync/internal/cache/cache.go:109.37,116.2 4 0
github.com/drallgood/audiobookshelf-hardcover-sync/internal/cache/cache.go:119.85,124.2 1 0
github.com/drallgood/audiobookshelf-hardcover-sync/internal/cache/cache.go:131.65,133.2 1 0
github.com/drallgood/audiobookshelf-hardcover-sync/internal/cache/cache.go:135.49,137.2 1 0
github.com/drallgood/audiobookshelf-hardcover-sync/internal/cache/cache.go:139.42,141.2 1 0
github.com/drallgood/audiobookshelf-hardcover-sync/internal/cache/cache.go:143.36,145.2 1 0
github.com/drallgood/audiobookshelf-hardcover-sync/pkg/cache/cache.go:20.19,24.2 1 0
github.com/drallgood/audiobookshelf-hardcover-sync/pkg/cache/cache.go:27.71,35.2 3 0
github.com/drallgood/audiobookshelf-hardcover-sync/pkg/cache/cache.go:38.53,43.12 4 0
github.com/drallgood/audiobookshelf-hardcover-sync/pkg/cache/cache.go:43.12,45.3 1 0
github.com/drallgood/audiobookshelf-hardcover-sync/pkg/cache/cache.go:48.2,48.68 1 0
github.com/drallgood/audiobookshelf-hardcover-sync/pkg/cache/cache.go:48.68,51.3 2 0
github.com/drallgood/audiobookshelf-hardcover-sync/pkg/cache/cache.go:53.2,53.25 1 0
github.com/drallgood/audiobookshelf-hardcover-sync/pkg/cache/cache.go:57.36,62.2 3 0
github.com/drallgood/audiobookshelf-hardcover-sync/pkg/cache/cache.go:65.25,70.2 3 0
github.com/drallgood/audiobookshelf-hardcover-sync/pkg/cache/cache.go:73.33,78.2 3 0
github.com/drallgood/audiobookshelf-hardcover-sync/pkg/cache/cache.go:81.113,83.37 1 0
github.com/drallgood/audiobookshelf-hardcover-sync/pkg/cache/cache.go:83.37,85.3 1 0
github.com/drallgood/audiobookshelf-hardcover-sync/pkg/cache/cache.go:88.2,89.16 2 0
github.com/drallgood/audiobookshelf-hardcover-sync/pkg/cache/cache.go:89.16,91.3 1 0
github.com/drallgood/audiobookshelf-hardcover-sync/pkg/cache/cache.go:94.2,96.17 2 0
github.com/drallgood/audiobookshelf-hardcover-sync/internal/util/rate_limiter.go:71.100,73.15 1 0
github.com/drallgood/audiobookshelf-hardcover-sync/internal/util/rate_limiter.go:73.15,75.3 1 0
github.com/drallgood/audiobookshelf-hardcover-sync/internal/util/rate_limiter.go:76.2,76.16 1 0
github.com/drallgood/audiobookshelf-hardcover-sync/internal/util/rate_limiter.go:76.16,78.3 1 0
github.com/drallgood/audiobookshelf-hardcover-sync/internal/util/rate_limiter.go:79.2,79.24 1 0
github.com/drallgood/audiobookshelf-hardcover-sync/internal/util/rate_limiter.go:79.24,81.3 1 0
github.com/drallgood/audiobookshelf-hardcover-sync/internal/util/rate_limiter.go:84.2,84.16 1 0
github.com/drallgood/audiobookshelf-hardcover-sync/internal/util/rate_limiter.go:84.16,86.3 1 0
github.com/drallgood/audiobookshelf-hardcover-sync/internal/util/rate_limiter.go:89.2,108.3 2 0
github.com/drallgood/audiobookshelf-hardcover-sync/internal/util/rate_limiter.go:112.55,115.64 2 0
github.com/drallgood/audiobookshelf-hardcover-sync/internal/util/rate_limiter.go:115.64,122.59 2 0
github.com/drallgood/audiobookshelf-hardcover-sync/internal/util/rate_limiter.go:122.59,123.47 1 0
github.com/drallgood/audiobookshelf-hardcover-sync/internal/util/rate_limiter.go:123.47,129.5 2 0
github.com/drallgood/audiobookshelf-hardcover-sync/internal/util/rate_limiter.go:132.3,135.10 3 0
github.com/drallgood/audiobookshelf-hardcover-sync/internal/util/rate_limiter.go:136.21,140.20 4 0
github.com/drallgood/audiobookshelf-hardcover-sync/internal/util/rate_limiter.go:141.18,141.18 0 0
github.com/drallgood/audiobookshelf-hardcover-sync/internal/util/rate_limiter.go:144.8,146.3 1 0
github.com/drallgood/audiobookshelf-hardcover-sync/internal/util/rate_limiter.go:149.2,149.25 1 0
github.com/drallgood/audiobookshelf-hardcover-sync/internal/util/rate_limiter.go:149.25,154.36 3 0
github.com/drallgood/audiobookshelf-hardcover-sync/internal/util/rate_limiter.go:154.36,159.38 3 0
github.com/drallgood/audiobookshelf-hardcover-sync/internal/util/rate_limiter.go:159.38,160.12 1 0
github.com/drallgood/audiobookshelf-hardcover-sync/internal/util/rate_limiter.go:161.23,162.22 1 0
github.com/drallgood/audiobookshelf-hardcover-sync/internal/util/rate_limiter.go:163.21,164.55 1 0
github.com/drallgood/audiobookshelf-hardcover-sync/internal/util/rate_limiter.go:171.2,181.15 6 0
github.com/drallgood/audiobookshelf-hardcover-sync/internal/util/rate_limiter.go:181.15,183.20 2 0
github.com/drallgood/audiobookshelf-hardcover-sync/internal/util/rate_limiter.go:183.20,185.30 2 0
github.com/drallgood/audiobookshelf-hardcover-sync/internal/util/rate_limiter.go:185.30,187.5 1 0
github.com/drallgood/audiobookshelf-hardcover-sync/internal/util/rate_limiter.go:188.4,188.16 1 0
github.com/drallgood/audiobookshelf-hardcover-sync/internal/util/rate_limiter.go:193.2,193.18 1 0
github.com/drallgood/audiobookshelf-hardcover-sync/internal/util/rate_limiter.go:193.18,196.3 2 0
github.com/drallgood/audiobookshelf-hardcover-sync/internal/util/rate_limiter.go:199.2,211.9 8 0
github.com/drallgood/audiobookshelf-hardcover-sync/internal/util/rate_limiter.go:212.20,217.19 3 0
github.com/drallgood/audiobookshelf-hardcover-sync/internal/util/rate_limiter.go:218.17,223.13 3 0
github.com/drallgood/audiobookshelf-hardcover-sync/internal/util/rate_limiter.go:229.75,237.20 5 0
github.com/drallgood/audiobookshelf-hardcover-sync/internal/util/rate_limiter.go:237.20,239.3 1 0
github.com/drallgood/audiobookshelf-hardcover-sync/internal/util/rate_limiter.go:242.2,243.20 2 0
github.com/drallgood/audiobookshelf-hardcover-sync/internal/util/rate_limiter.go:243.20,247.3 2 0
github.com/drallgood/audiobookshelf-hardcover-sync/internal/util/rate_limiter.go:250.2,254.26 3 0
github.com/drallgood/audiobookshelf-hardcover-sync/internal/util/rate_limiter.go:254.26,256.3 1 0
github.com/drallgood/audiobookshelf-hardcover-sync/internal/util/rate_limiter.go:256.8,258.3 1 0
github.com/drallgood/audiobookshelf-hardcover-sync/internal/util/rate_limiter.go:261.2,261.25 1 0
github.com/drallgood/audiobookshelf-hardcover-sync/internal/util/rate_limiter.go:261.25,263.3 1 0
github.com/drallgood/audiobookshelf-hardcover-sync/internal/util/rate_limiter.go:264.2,264.25 1 0
github.com/drallgood/audiobookshelf-hardcover-sync/internal/util/rate_limiter.go:264.25,266.3 1 0
github.com/drallgood/audiobookshelf-hardcover-sync/internal/util/rate_limiter.go:269.2,286.16 5 0
github.com/drallgood/audiobookshelf-hardcover-sync/internal/util/rate_limiter.go:290.35,298.2 5 0
github.com/drallgood/audiobookshelf-hardcover-sync/internal/util/rate_limiter.go:300.47,304.2 3 0
github.com/drallgood/audiobookshelf-hardcover-sync/internal/util/rate_limiter.go:307.44,316.2 5 0
github.com/drallgood/audiobookshelf-hardcover-sync/internal/util/rate_limiter.go:319.56,323.2 3 0
github.com/drallgood/audiobookshelf-hardcover-sync/internal/util/rate_limiter.go:326.55,330.2 3 0
github.com/drallgood/audiobookshelf-hardcover-sync/internal/util/rate_limiter.go:334.52,335.29 1 0
github.com/drallgood/audiobookshelf-hardcover-sync/internal/util/rate_limiter.go:335.29,337.3 1 0
github.com/drallgood/audiobookshelf-hardcover-sync/internal/util/rate_limiter.go:339.2,340.31 2 0
github.com/drallgood/audiobookshelf-hardcover-sync/internal/util/rate_limiter.go:340.31,343.3 2 0
github.com/drallgood/audiobookshelf-hardcover-sync/internal/util/rate_limiter.go:345.2,345.32 1 0
github.com/drallgood/audiobookshelf-hardcover-sync/internal/util/rate_limiter.go:349.55,351.2 1 0
github.com/drallgood/audiobookshelf-hardcover-sync/internal/util/rate_limiter.go:356.68,363.30 4 0
github.com/drallgood/audiobookshelf-hardcover-sync/internal/util/rate_limiter.go:363.30,365.3 1 0
github.com/drallgood/audiobookshelf-hardcover-sync/internal/util/rate_limiter.go:368.2,368.27 1 0
github.com/drallgood/audiobookshelf-hardcover-sync/internal/util/rate_limiter.go:368.27,375.3 2 0
github.com/drallgood/audiobookshelf-hardcover-sync/internal/util/rate_limiter.go:380.60,381.18 1 0
github.com/drallgood/audiobookshelf-hardcover-sync/internal/util/rate_limiter.go:381.18,383.3 1 0
github.com/drallgood/audiobookshelf-hardcover-sync/internal/util/rate_limiter.go:386.2,386.51 1 0
github.com/drallgood/audiobookshelf-hardcover-sync/internal/util/rate_limiter.go:386.51,389.3 1 0
github.com/drallgood/audiobookshelf-hardcover-sync/internal/util/rate_limiter.go:392.2,393.16 2 0
github.com/drallgood/audiobookshelf-hardcover-sync/internal/util/rate_limiter.go:393.16,395.3 1 0
github.com/drallgood/audiobookshelf-hardcover-sync/internal/util/rate_limiter.go:398.2,399.57 2 0
github.com/drallgood/audiobookshelf-hardcover-sync/internal/util/rate_limiter.go:403.39,404.16 1 0
github.com/drallgood/audiobookshelf-hardcover-sync/internal/util/rate_limiter.go:404.16,406.3 1 0
github.com/drallgood/audiobookshelf-hardcover-sync/internal/util/rate_limiter.go:409.2,409.69 1 0
github.com/drallgood/audiobookshelf-hardcover-sync/internal/util/rate_limiter.go:409.69,411.3 1 0
github.com/drallgood/audiobookshelf-hardcover-sync/internal/util/rate_limiter.go:414.2,414.96 1 0
github.com/drallgood/audiobookshelf-hardcover-sync/internal/util/rate_limiter.go:414.96,416.3 1 0
github.com/drallgood/audiobookshelf-hardcover-sync/internal/util/rate_limiter.go:418.2,418.14 1 0
github.com/drallgood/audiobookshelf-hardcover-sync/internal/util/rate_limiter.go:423.65,424.17 1 0
github.com/drallgood/audiobookshelf-hardcover-sync/internal/util/rate_limiter.go:424.17,426.3 1 0
github.com/drallgood/audiobookshelf-hardcover-sync/internal/util/rate_limiter.go:429.2,430.32 2 0
github.com/drallgood/audiobookshelf-hardcover-sync/internal/util/rate_limiter.go:430.32,433.40 1 0
github.com/drallgood/audiobookshelf-hardcover-sync/internal/util/rate_limiter.go:433.40,435.4 1 0
github.com/drallgood/audiobookshelf-hardcover-sync/internal/util/rate_limiter.go:439.2,439.22 1 0
github.com/drallgood/audiobookshelf-hardcover-sync/internal/util/rate_limiter.go:439.22,444.3 1 0
github.com/drallgood/audiobookshelf-hardcover-sync/internal/util/rate_limiter.go:447.2,454.68 2 0
github.com/drallgood/audiobookshelf-hardcover-sync/internal/util/rate_limiter.go:454.68,456.33 2 0
github.com/drallgood/audiobookshelf-hardcover-sync/internal/util/rate_limiter.go:456.33,465.4 3 0
github.com/drallgood/audiobookshelf-hardcover-sync/internal/util/rate_limiter.go:469.2,474.17 4 0
github.com/drallgood/audiobookshelf-hardcover-sync/internal/util/rate_limiter.go:474.17,476.3 1 0
github.com/drallgood/audiobookshelf-hardcover-sync/internal/util/rate_limiter.go:477.2,477.21 1 0
github.com/drallgood/audiobookshelf-hardcover-sync/internal/util/rate_limiter.go:477.21,479.3 1 0
github.com/drallgood/audiobookshelf-hardcover-sync/internal/util/rate_limiter.go:480.2,480.17 1 0
github.com/drallgood/audiobookshelf-hardcover-sync/internal/util/rate_limiter.go:480.17,482.3 1 0
github.com/drallgood/audiobookshelf-hardcover-sync/internal/util/rate_limiter.go:485.2,485.21 1 0
github.com/drallgood/audiobookshelf-hardcover-sync/internal/util/rate_limiter.go:485.21,487.17 2 0
github.com/drallgood/audiobookshelf-hardcover-sync/internal/util/rate_limiter.go:487.17,489.19 2 0
github.com/drallgood/audiobookshelf-hardcover-sync/internal/util/rate_limiter.go:489.19,491.5 1 0
github.com/drallgood/audiobookshelf-hardcover-sync/internal/util/rate_limiter.go:494.4,494.22 1 0
github.com/drallgood/audiobookshelf-hardcover-sync/internal/util/rate_limiter.go:494.22,498.28 2 0
github.com/drallgood/audiobookshelf-hardcover-sync/internal/util/rate_limiter.go:498.28,510.6 3 0
github.com/drallgood/audiobookshelf-hardcover-sync/internal/util/rate_limiter.go:510.11,519.6 3 0
github.com/drallgood/audiobookshelf-hardcover-sync/internal/util/rate_limiter.go:523.4,523.16 1 0
github.com/drallgood/audiobookshelf-hardcover-sync/internal/util/rate_limiter.go:523.16,525.20 2 0
github.com/drallgood/audiobookshelf-hardcover-sync/internal/util/rate_limiter.go:525.20,527.64 1 0
github.com/drallgood/audiobookshelf-hardcover-sync/internal/util/rate_limiter.go:527.64,532.7 3 0
github.com/drallgood/audiobookshelf-hardcover-sync/internal/util/rate_limiter.go:533.11,536.6 1 0
github.com/drallgood/audiobookshelf-hardcover-sync/internal/util/rate_limiter.go:538.5,544.27 2 0
github.com/drallgood/audiobookshelf-hardcover-sync/internal/util/rate_limiter.go:550.2,550.17 1 0
github.com/drallgood/audiobookshelf-hardcover-sync/internal/util/rate_limiter.go:550.17,552.17 2 0
github.com/drallgood/audiobookshelf-hardcover-sync/internal/util/rate_limiter.go:552.17,555.28 3 0
github.com/drallgood/audiobookshelf-hardcover-sync/internal/util/rate_limiter.go:555.28,564.5 3 0
github.com/drallgood/audiobookshelf-hardcover-sync/internal/sync/service.go:26.51,29.16 2 0
github.com/drallgood/audiobookshelf-hardcover-sync/internal/sync/service.go:29.16,31.3 1 0
github.com/drallgood/audiobookshelf-hardcover-sync/internal/sync/service.go:34.2,35.16 2 0
github.com/drallgood/audiobookshelf-hardcover-sync/internal/sync/service.go:35.16,38.3 1 0
github.com/drallgood/audiobookshelf-hardcover-sync/internal/sync/service.go:40.2,40.115 1 0
github.com/drallgood/audiobookshelf-hardcover-sync/internal/sync/service.go:55.101,62.2 1 0
github.com/drallgood/audiobookshelf-hardcover-sync/internal/sync/service.go:65.104,67.16 2 0
github.com/drallgood/audiobookshelf-hardcover-sync/internal/sync/service.go:67.16,69.3 1 0
github.com/drallgood/audiobookshelf-hardcover-sync/internal/sync/service.go:72.2,78.16 3 0
github.com/drallgood/audiobookshelf-hardcover-sync/internal/sync/service.go:78.16,83.3 2 0
github.com/drallgood/audiobookshelf-hardcover-sync/internal/sync/service.go:86.2,86.20 1 0
github.com/drallgood/audiobookshelf-hardcover-sync/internal/sync/service.go:86.20,92.3 2 0
github.com/drallgood/audiobookshelf-hardcover-sync/internal/sync/service.go:94.2,99.25 2 0
github.com/drallgood/audiobookshelf-hardcover-sync/internal/sync/service.go:99.25,105.3 2 0
github.com/drallgood/audiobookshelf-hardcover-sync/internal/sync/service.go:107.2,113.16 3 0
github.com/drallgood/audiobookshelf-hardcover-sync/internal/sync/service.go:113.16,118.3 2 0
github.com/drallgood/audiobookshelf-hardcover-sync/internal/sync/service.go:121.2,121.20 1 0
github.com/drallgood/audiobookshelf-hardcover-sync/internal/sync/service.go:121.20,126.3 2 0
github.com/drallgood/audiobookshelf-hardcover-sync/internal/sync/service.go:129.2,130.16 2 0
github.com/drallgood/audiobookshelf-hardcover-sync/internal/sync/service.go:130.16,137.3 2 0
github.com/drallgood/audiobookshelf-hardcover-sync/internal/sync/service.go:140.2,141.16 2 0
github.com/drallgood/audiobookshelf-hardcover-sync/internal/sync/service.go:141.16,147.3 2 0
github.com/drallgood/audiobookshelf-hardcover-sync/internal/sync/service.go:149.2,155.26 2 0
github.com/drallgood/audiobookshelf-hardcover-sync/internal/sync/service.go:159.51,206.16 14 0
github.com/drallgood/audiobookshelf-hardcover-sync/internal/sync/service.go:206.16,210.3 1 0
github.com/drallgood/audiobookshelf-hardcover-sync/internal/sync/service.go:210.8,215.3 1 0
github.com/drallgood/audiobookshelf-hardcover-sync/internal/sync/service.go:218.2,220.16 3 0
github.com/drallgood/audiobookshelf-hardcover-sync/internal/sync/service.go:220.16,225.3 2 0
github.com/drallgood/audiobookshelf-hardcover-sync/internal/sync/service.go:227.2,235.25 3 0
github.com/drallgood/audiobookshelf-hardcover-sync/internal/sync/service.go:235.25,239.3 1 0
github.com/drallgood/audiobookshelf-hardcover-sync/internal/sync/service.go:242.2,242.27 1 0
github.com/drallgood/audiobookshelf-hardcover-sync/internal/sync/service.go:242.27,244.68 1 0
github.com/drallgood/audiobookshelf-hardcover-sync/internal/sync/service.go:244.68,249.9 2 0
github.com/drallgood/audiobookshelf-hardcover-sync/internal/sync/service.go:253.3,254.17 2 0
github.com/drallgood/audiobookshelf-hardcover-sync/internal/sync/service.go:254.17,259.12 2 0
github.com/drallgood/audiobookshelf-hardcover-sync/internal/sync/service.go:262.3,265.26 2 0
github.com/drallgood/audiobookshelf-hardcover-sync/internal/sync/service.go:265.26,271.46 2 0
github.com/drallgood/audiobookshelf-hardcover-sync/internal/sync/service.go:271.46,276.10 2 0
github.com/drallgood/audiobookshelf-hardcover-sync/internal/sync/service.go:282.2,282.76 1 0
github.com/drallgood/audiobookshelf-hardcover-sync/internal/sync/service.go:282.76,287.3 1 0
github.com/drallgood/audiobookshelf-hardcover-sync/internal/sync/service.go:289.2,290.12 2 0
github.com/drallgood/audiobookshelf-hardcover-sync/internal/sync/service.go:294.178,305.16 4 0
github.com/drallgood/audiobookshelf-hardcover-sync/internal/sync/service.go:305.16,307.3 1 0
github.com/drallgood/audiobookshelf-hardcover-sync/internal/sync/service.go:309.2,316.43 2 0
github.com/drallgood/audiobookshelf-hardcover-sync/internal/sync/service.go:316.43,322.3 2 0
github.com/drallgood/audiobookshelf-hardcover-sync/internal/sync/service.go:325.2,326.29 2 0
github.com/drallgood/audiobookshelf-hardcover-sync/internal/sync/service.go:326.29,329.17 2 0
github.com/drallgood/audiobookshelf-hardcover-sync/internal/sync/service.go:329.17,334.12 2 0
github.com/drallgood/audiobookshelf-hardcover-sync/internal/sync/service.go:337.3,337.14 1 0
github.com/drallgood/audiobookshelf-hardcover-sync/internal/sync/service.go:340.2,346.23 2 0
github.com/drallgood/audiobookshelf-hardcover-sync/internal/sync/service.go:350.81,353.16 2 0
github.com/drallgood/audiobookshelf-hardcover-sync/internal/sync/service.go:353.16,355.3 1 0
github.com/drallgood/audiobookshelf-hardcover-sync/internal/sync/service.go:357.2,363.16 3 0
github.com/drallgood/audiobookshelf-hardcover-sync/internal/sync/service.go:363.16,369.3 2 0
github.com/drallgood/audiobookshelf-hardcover-sync/internal/sync/service.go:371.2,376.21 2 0
github.com/drallgood/audiobookshelf-hardcover-sync/internal/sync/service.go:381.88,382.21 1 0
github.com/drallgood/audiobookshelf-hardcover-sync/internal/sync/service.go:382.21,384.3 1 0
github.com/drallgood/audiobookshelf-hardcover-sync/internal/sync/service.go:387.2,388.16 2 0
github.com/drallgood/audiobookshelf-hardcover-sync/internal/sync/service.go:388.16,390.3 1 0
github.com/drallgood/audiobookshelf-hardcover-sync/internal/sync/service.go:393.2,394.16 2 0
github.com/drallgood/audiobookshelf-hardcover-sync/internal/sync/service.go:394.16,396.3 1 0
github.com/drallgood/audiobookshelf-hardcover-sync/internal/sync/service.go:399.2,406.16 3 0
github.com/drallgood/audiobookshelf-hardcover-sync/internal/sync/service.go:406.16,413.3 2 0
github.com/drallgood/audiobookshelf-hardcover-sync/internal/sync/service.go:415.2,420.12 2 0
github.com/drallgood/audiobookshelf-hardcover-sync/internal/sync/service.go:424.139,441.39 4 0
github.com/drallgood/audiobookshelf-hardcover-sync/internal/sync/service.go:441.39,443.114 1 0
github.com/drallgood/audiobookshelf-hardcover-sync/internal/sync/service.go:443.114,446.4 2 0
github.com/drallgood/audiobookshelf-hardcover-sync/internal/sync/service.go:447.3,447.95 1 0
github.com/drallgood/audiobookshelf-hardcover-sync/internal/sync/service.go:451.2,451.25 1 0
github.com/drallgood/audiobookshelf-hardcover-sync/internal/sync/service.go:451.25,468.45 2 0
github.com/drallgood/audiobookshelf-hardcover-sync/internal/sync/service.go:468.45,469.62 1 0
github.com/drallgood/audiobookshelf-hardcover-sync/internal/sync/service.go:469.62,470.98 1 0
github.com/drallgood/audiobookshelf-hardcover-sync/internal/sync/service.go:470.98,472.6 1 0
github.com/drallgood/audiobookshelf-hardcover-sync/internal/sync/service.go:477.3,477.26 1 0
github.com/drallgood/audiobookshelf-hardcover-sync/internal/sync/service.go:477.26,495.4 6 0
github.com/drallgood/audiobookshelf-hardcover-sync/internal/sync/service.go:495.9,515.50 2 0
github.com/drallgood/audiobookshelf-hardcover-sync/internal/sync/service.go:515.50,518.72 2 0
github.com/drallgood/audiobookshelf-hardcover-sync/internal/sync/service.go:518.72,520.6 1 0
github.com/drallgood/audiobookshelf-hardcover-sync/internal/sync/service.go:523.4,523.26 1 0
github.com/drallgood/audiobookshelf-hardcover-sync/internal/sync/service.go:523.26,537.5 4 0
github.com/drallgood/audiobookshelf-hardcover-sync/internal/sync/service.go:537.10,539.5 1 0
github.com/drallgood/audiobookshelf-hardcover-sync/internal/sync/service.go:544.2,544.36 1 0
github.com/drallgood/audiobookshelf-hardcover-sync/internal/sync/service.go:544.36,549.3 2 0
github.com/drallgood/audiobookshelf-hardcover-sync/internal/sync/service.go:552.2,553.62 2 0
github.com/drallgood/audiobookshelf-hardcover-sync/internal/sync/service.go:553.62,555.3 1 0
github.com/drallgood/audiobookshelf-hardcover-sync/internal/sync/service.go:558.2,569.61 3 0
github.com/drallgood/audiobookshelf-hardcover-sync/internal/sync/service.go:569.61,575.3 2 0
github.com/drallgood/audiobookshelf-hardcover-sync/internal/sync/service.go:578.2,582.22 3 0
github.com/drallgood/audiobookshelf-hardcover-sync/internal/sync/service.go:583.18,584.30 1 0
github.com/drallgood/audiobookshelf-hardcover-sync/internal/sync/service.go:585.17,586.37 1 0
github.com/drallgood/audiobookshelf-hardcover-sync/internal/sync/service.go:587.22,588.34 1 0
github.com/drallgood/audiobookshelf-hardcover-sync/internal/sync/service.go:588.34,590.4 1 0
github.com/drallgood/audiobookshelf-hardcover-sync/internal/sync/service.go:590.9,592.4 1 0
[...]
github.com/drallgood/audiobookshelf-hardcover-sync/internal/mismatch/people.go:95.22,99.18 3 0
github.com/drallgood/audiobookshelf-hardcover-sync/internal/mismatch/people.go:99.18,104.5 1 0
github.com/drallgood/audiobookshelf-hardcover-sync/internal/mismatch/people.go:104.10,104.31 1 0
github.com/drallgood/audiobookshelf-hardcover-sync/internal/mismatch/people.go:104.31,115.5 4 0
github.com/drallgood/audiobookshelf-hardcover-sync/internal/mismatch/people.go:120.2,120.37 1 2
github.com/drallgood/audiobookshelf-hardcover-sync/internal/mismatch/people.go:120.37,122.21 2 2
github.com/drallgood/audiobookshelf-hardcover-sync/internal/mismatch/people.go:122.21,126.4 1 2
github.com/drallgood/audiobookshelf-hardcover-sync/internal/mismatch/people.go:129.2,129.17 1 2
github.com/drallgood/audiobookshelf-hardcover-sync/internal/mismatch/people.go:133.48,137.41 3 2
github.com/drallgood/audiobookshelf-hardcover-sync/internal/mismatch/people.go:137.41,139.3 1 0
github.com/drallgood/audiobookshelf-hardcover-sync/internal/mismatch/people.go:140.2,140.17 1 2
github.com/drallgood/audiobookshelf-hardcover-sync/internal/mismatch/people.go:144.55,150.2 4 0
github.com/drallgood/audiobookshelf-hardcover-sync/internal/mismatch/people.go:153.35,158.2 3 0
github.com/drallgood/audiobookshelf-hardcover-sync/internal/mismatch/publisher.go:14.93,15.29 1 0
github.com/drallgood/audiobookshelf-hardcover-sync/internal/mismatch/publisher.go:15.29,17.3 1 0
github.com/drallgood/audiobookshelf-hardcover-sync/internal/mismatch/publisher.go:20.2,21.16 2 0
github.com/drallgood/audiobookshelf-hardcover-sync/internal/mismatch/publisher.go:21.16,23.3 1 0
github.com/drallgood/audiobookshelf-hardcover-sync/internal/mismatch/publisher.go:26.2,27.48 2 0
github.com/drallgood/audiobookshelf-hardcover-sync/internal/mismatch/publisher.go:27.48,33.3 2 0
github.com/drallgood/audiobookshelf-hardcover-sync/internal/mismatch/publisher.go:36.2,42.16 3 0
github.com/drallgood/audiobookshelf-hardcover-sync/internal/mismatch/publisher.go:42.16,48.3 2 0
github.com/drallgood/audiobookshelf-hardcover-sync/internal/mismatch/publisher.go:51.2,51.25 1 0
github.com/drallgood/audiobookshelf-hardcover-sync/internal/mismatch/publisher.go:51.25,55.17 3 0
github.com/drallgood/audiobookshelf-hardcover-sync/internal/mismatch/publisher.go:55.17,61.4 2 0
github.com/drallgood/audiobookshelf-hardcover-sync/internal/mismatch/publisher.go:64.3,71.26 3 0
github.com/drallgood/audiobookshelf-hardcover-sync/internal/mismatch/publisher.go:74.2,79.15 2 0
github.com/drallgood/audiobookshelf-hardcover-sync/internal/mismatch/types.go:49.98,55.20 3 4
github.com/drallgood/audiobookshelf-hardcover-sync/internal/mismatch/types.go:55.20,57.52 1 4
github.com/drallgood/audiobookshelf-hardcover-sync/internal/mismatch/types.go:57.52,59.4 1 2
github.com/drallgood/audiobookshelf-hardcover-sync/internal/mismatch/types.go:59.9,62.68 2 2
github.com/drallgood/audiobookshelf-hardcover-sync/internal/mismatch/types.go:62.68,63.56 1 2
github.com/drallgood/audiobookshelf-hardcover-sync/internal/mismatch/types.go:63.56,65.6 1 2
github.com/drallgood/audiobookshelf-hardcover-sync/internal/mismatch/types.go:71.2,79.25 3 4
github.com/drallgood/audiobookshelf-hardcover-sync/internal/mismatch/types.go:79.25,81.3 1 3
github.com/drallgood/audiobookshelf-hardcover-sync/internal/mismatch/types.go:84.2,85.21 2 4
github.com/drallgood/audiobookshelf-hardcover-sync/internal/mismatch/types.go:85.21,87.3 1 3
github.com/drallgood/audiobookshelf-hardcover-sync/internal/mismatch/types.go:89.2,90.20 2 4
github.com/drallgood/audiobookshelf-hardcover-sync/internal/mismatch/types.go:90.20,92.3 1 3
github.com/drallgood/audiobookshelf-hardcover-sync/internal/mismatch/types.go:95.2,96.22 2 4
github.com/drallgood/audiobookshelf-hardcover-sync/internal/mismatch/types.go:96.22,98.3 1 3
github.com/drallgood/audiobookshelf-hardcover-sync/internal/mismatch/types.go:101.2,102.20 2 4
github.com/drallgood/audiobookshelf-hardcover-sync/internal/mismatch/types.go:102.20,104.3 1 3
github.com/drallgood/audiobookshelf-hardcover-sync/internal/mismatch/types.go:107.2,108.20 2 4
github.com/drallgood/audiobookshelf-hardcover-sync/internal/mismatch/types.go:108.20,110.3 1 4
github.com/drallgood/audiobookshelf-hardcover-sync/internal/mismatch/types.go:111.2,111.25 1 4
github.com/drallgood/audiobookshelf-hardcover-sync/internal/mismatch/types.go:111.25,114.22 2 1
github.com/drallgood/audiobookshelf-hardcover-sync/internal/mismatch/types.go:114.22,118.4 2 1
github.com/drallgood/audiobookshelf-hardcover-sync/internal/mismatch/types.go:121.2,125.43 3 4
github.com/drallgood/audiobookshelf-hardcover-sync/internal/mismatch/types.go:125.43,126.16 1 4
github.com/drallgood/audiobookshelf-hardcover-sync/internal/mismatch/types.go:126.16,128.82 1 2
github.com/drallgood/audiobookshelf-hardcover-sync/internal/mismatch/types.go:128.82,131.5 2 0
github.com/drallgood/audiobookshelf-hardcover-sync/internal/mismatch/types.go:131.10,131.25 1 2
github.com/drallgood/audiobookshelf-hardcover-sync/internal/mismatch/types.go:131.25,133.5 1 0
github.com/drallgood/audiobookshelf-hardcover-sync/internal/mismatch/types.go:134.9,137.4 1 2
github.com/drallgood/audiobookshelf-hardcover-sync/internal/mismatch/types.go:141.2,142.47 2 4
github.com/drallgood/audiobookshelf-hardcover-sync/internal/mismatch/types.go:142.47,143.16 1 1
github.com/drallgood/audiobookshelf-hardcover-sync/internal/mismatch/types.go:143.16,146.39 2 0
github.com/drallgood/audiobookshelf-hardcover-sync/internal/mismatch/types.go:146.39,148.5 1 0
github.com/drallgood/audiobookshelf-hardcover-sync/internal/mismatch/types.go:151.4,151.92 1 0
github.com/drallgood/audiobookshelf-hardcover-sync/internal/mismatch/types.go:151.92,154.5 2 0
github.com/drallgood/audiobookshelf-hardcover-sync/internal/mismatch/types.go:154.10,154.25 1 0
github.com/drallgood/audiobookshelf-hardcover-sync/internal/mismatch/types.go:154.25,159.5 1 0
github.com/drallgood/audiobookshelf-hardcover-sync/internal/mismatch/types.go:160.9,163.4 1 1
github.com/drallgood/audiobookshelf-hardcover-sync/internal/mismatch/types.go:167.2,167.45 1 4
github.com/drallgood/audiobookshelf-hardcover-sync/internal/mismatch/types.go:167.45,168.16 1 0
github.com/drallgood/audiobookshelf-hardcover-sync/internal/mismatch/types.go:168.16,170.80 1 0
github.com/drallgood/audiobookshelf-hardcover-sync/internal/mismatch/types.go:170.80,173.5 2 0
github.com/drallgood/audiobookshelf-hardcover-sync/internal/mismatch/types.go:173.10,173.25 1 0
github.com/drallgood/audiobookshelf-hardcover-sync/internal/mismatch/types.go:173.25,178.5 1 0
github.com/drallgood/audiobookshelf-hardcover-sync/internal/mismatch/types.go:182.2,222.15 4 4
github.com/drallgood/audiobookshelf-hardcover-sync/internal/mismatch/types.go:228.111,240.20 4 2
github.com/drallgood/audiobookshelf-hardcover-sync/internal/mismatch/types.go:240.20,242.52 1 2
github.com/drallgood/audiobookshelf-hardcover-sync/internal/mismatch/types.go:242.52,244.4 1 2
github.com/drallgood/audiobookshelf-hardcover-sync/internal/mismatch/types.go:244.9,247.68 2 0
github.com/drallgood/audiobookshelf-hardcover-sync/internal/mismatch/types.go:247.68,248.56 1 0
github.com/drallgood/audiobookshelf-hardcover-sync/internal/mismatch/types.go:248.56,250.6 1 0
github.com/drallgood/audiobookshelf-hardcover-sync/internal/mismatch/types.go:256.2,256.17 1 2
github.com/drallgood/audiobookshelf-hardcover-sync/internal/mismatch/types.go:256.17,261.3 1 0
github.com/drallgood/audiobookshelf-hardcover-sync/internal/mismatch/types.go:264.2,265.18 2 2
github.com/drallgood/audiobookshelf-hardcover-sync/internal/mismatch/types.go:265.18,267.24 1 1
github.com/drallgood/audiobookshelf-hardcover-sync/internal/mismatch/types.go:267.24,269.4 1 1
github.com/drallgood/audiobookshelf-hardcover-sync/internal/mismatch/types.go:269.9,269.31 1 0
github.com/drallgood/audiobookshelf-hardcover-sync/internal/mismatch/types.go:269.31,271.4 1 0
github.com/drallgood/audiobookshelf-hardcover-sync/internal/mismatch/types.go:275.2,276.48 2 2
github.com/drallgood/audiobookshelf-hardcover-sync/internal/mismatch/types.go:276.48,278.3 1 0
github.com/drallgood/audiobookshelf-hardcover-sync/internal/mismatch/types.go:278.8,278.30 1 2
github.com/drallgood/audiobookshelf-hardcover-sync/internal/mismatch/types.go:278.30,280.3 1 1
github.com/drallgood/audiobookshelf-hardcover-sync/internal/mismatch/types.go:283.2,284.16 2 2
github.com/drallgood/audiobookshelf-hardcover-sync/internal/mismatch/types.go:284.16,286.3 1 2
github.com/drallgood/audiobookshelf-hardcover-sync/internal/mismatch/types.go:288.2,289.16 2 2
github.com/drallgood/audiobookshelf-hardcover-sync/internal/mismatch/types.go:289.16,291.3 1 2
github.com/drallgood/audiobookshelf-hardcover-sync/internal/mismatch/types.go:294.2,295.20 2 2
github.com/drallgood/audiobookshelf-hardcover-sync/internal/mismatch/types.go:295.20,297.3 1 2
github.com/drallgood/audiobookshelf-hardcover-sync/internal/mismatch/types.go:298.2,298.23 1 2
github.com/drallgood/audiobookshelf-hardcover-sync/internal/mismatch/types.go:298.23,300.3 1 0
github.com/drallgood/audiobookshelf-hardcover-sync/internal/mismatch/types.go:301.2,301.22 1 2
github.com/drallgood/audiobookshelf-hardcover-sync/internal/mismatch/types.go:301.22,303.3 1 0
github.com/drallgood/audiobookshelf-hardcover-sync/internal/mismatch/types.go:306.2,337.21 2 2
github.com/drallgood/audiobookshelf-hardcover-sync/internal/util/rate_limiter.go:71.100,73.15 1 1
github.com/drallgood/audiobookshelf-hardcover-sync/internal/util/rate_limiter.go:73.15,75.3 1 0
github.com/drallgood/audiobookshelf-hardcover-sync/internal/util/rate_limiter.go:76.2,76.16 1 1
github.com/drallgood/audiobookshelf-hardcover-sync/internal/util/rate_limiter.go:76.16,78.3 1 0
github.com/drallgood/audiobookshelf-hardcover-sync/internal/util/rate_limiter.go:79.2,79.24 1 1
github.com/drallgood/audiobookshelf-hardcover-sync/internal/util/rate_limiter.go:79.24,81.3 1 0
github.com/drallgood/audiobookshelf-hardcover-sync/internal/util/rate_limiter.go:84.2,84.16 1 1
github.com/drallgood/audiobookshelf-hardcover-sync/internal/util/rate_limiter.go:84.16,86.3 1 0
github.com/drallgood/audiobookshelf-hardcover-sync/internal/util/rate_limiter.go:89.2,108.3 2 1
github.com/drallgood/audiobookshelf-hardcover-sync/internal/util/rate_limiter.go:112.55,115.64 2 8
github.com/drallgood/audiobookshelf-hardcover-sync/internal/util/rate_limiter.go:115.64,122.59 2 0
github.com/drallgood/audiobookshelf-hardcover-sync/internal/util/rate_limiter.go:122.59,123.47 1 0
github.com/drallgood/audiobookshelf-hardcover-sync/internal/util/rate_limiter.go:123.47,129.5 2 0
github.com/drallgood/audiobookshelf-hardcover-sync/internal/util/rate_limiter.go:132.3,135.10 3 0
github.com/drallgood/audiobookshelf-hardcover-sync/internal/util/rate_limiter.go:136.21,140.20 4 0
github.com/drallgood/audiobookshelf-hardcover-sync/internal/util/rate_limiter.go:141.18,141.18 0 0
github.com/drallgood/audiobookshelf-hardcover-sync/internal/util/rate_limiter.go:144.8,146.3 1 8
github.com/drallgood/audiobookshelf-hardcover-sync/internal/util/rate_limiter.go:149.2,149.25 1 8
github.com/drallgood/audiobookshelf-hardcover-sync/internal/util/rate_limiter.go:149.25,154.36 3 8
github.com/drallgood/audiobookshelf-hardcover-sync/internal/util/rate_limiter.go:154.36,159.38 3 0
github.com/drallgood/audiobookshelf-hardcover-sync/internal/util/rate_limiter.go:159.38,160.12 1 0
github.com/drallgood/audiobookshelf-hardcover-sync/internal/util/rate_limiter.go:161.23,162.22 1 0
github.com/drallgood/audiobookshelf-hardcover-sync/internal/util/rate_limiter.go:163.21,164.55 1 0
github.com/drallgood/audiobookshelf-hardcover-sync/internal/util/rate_limiter.go:171.2,181.15 6 8
github.com/drallgood/audiobookshelf-hardcover-sync/internal/util/rate_limiter.go:181.15,183.20 2 8
github.com/drallgood/audiobookshelf-hardcover-sync/internal/util/rate_limiter.go:183.20,185.30 2 3
github.com/drallgood/audiobookshelf-hardcover-sync/internal/util/rate_limiter.go:185.30,187.5 1 0
github.com/drallgood/audiobookshelf-hardcover-sync/internal/util/rate_limiter.go:188.4,188.16 1 3
github.com/drallgood/audiobookshelf-hardcover-sync/internal/util/rate_limiter.go:193.2,193.18 1 8
github.com/drallgood/audiobookshelf-hardcover-sync/internal/util/rate_limiter.go:193.18,196.3 2 4
github.com/drallgood/audiobookshelf-hardcover-sync/internal/util/rate_limiter.go:199.2,211.9 8 4
github.com/drallgood/audiobookshelf-hardcover-sync/internal/util/rate_limiter.go:212.20,217.19 3 0
github.com/drallgood/audiobookshelf-hardcover-sync/internal/util/rate_limiter.go:218.17,223.13 3 4
github.com/drallgood/audiobookshelf-hardcover-sync/internal/util/rate_limiter.go:229.75,237.20 5 0
github.com/drallgood/audiobookshelf-hardcover-sync/internal/util/rate_limiter.go:237.20,239.3 1 0
github.com/drallgood/audiobookshelf-hardcover-sync/internal/util/rate_limiter.go:242.2,243.20 2 0
github.com/drallgood/audiobookshelf-hardcover-sync/internal/util/rate_limiter.go:243.20,247.3 2 0
github.com/drallgood/audiobookshelf-hardcover-sync/internal/util/rate_limiter.go:250.2,254.26 3 0
github.com/drallgood/audiobookshelf-hardcover-sync/internal/util/rate_limiter.go:254.26,256.3 1 0
github.com/drallgood/audiobookshelf-hardcover-sync/internal/util/rate_limiter.go:256.8,258.3 1 0
github.com/drallgood/audiobookshelf-hardcover-sync/internal/util/rate_limiter.go:261.2,261.25 1 0
github.com/drallgood/audiobookshelf-hardcover-sync/internal/util/rate_limiter.go:261.25,263.3 1 0
github.com/drallgood/audiobookshelf-hardcover-sync/internal/util/rate_limiter.go:264.2,264.25 1 0
github.com/drallgood/audiobookshelf-hardcover-sync/internal/util/rate_limiter.go:264.25,266.3 1 0
github.com/drallgood/audiobookshelf-hardcover-sync/internal/util/rate_limiter.go:269.2,286.16 5 0
github.com/drallgood/audiobookshelf-hardcover-sync/internal/util/rate_limiter.go:290.35,298.2 5 0
github.com/drallgood/audiobookshelf-hardcover-sync/internal/util/rate_limiter.go:300.47,304.2 3 0
github.com/drallgood/audiobookshelf-hardcover-sync/internal/util/rate_limiter.go:307.44,316.2 5 0
github.com/drallgood/audiobookshelf-hardcover-sync/internal/util/rate_limiter.go:319.56,323.2 3 0
github.com/drallgood/audiobookshelf-hardcover-sync/internal/util/rate_limiter.go:326.55,330.2 3 0
github.com/drallgood/audiobookshelf-hardcover-sync/internal/util/rate_limiter.go:334.52,335.29 1 8
github.com/drallgood/audiobookshelf-hardcover-sync/internal/util/rate_limiter.go:335.29,337.3 1 8
github.com/drallgood/audiobookshelf-hardcover-sync/internal/util/rate_limiter.go:339.2,340.31 2 0
github.com/drallgood/audiobookshelf-hardcover-sync/internal/util/rate_limiter.go:340.31,343.3 2 0
github.com/drallgood/audiobookshelf-hardcover-sync/internal/util/rate_limiter.go:345.2,345.32 1 0
github.com/drallgood/audiobookshelf-hardcover-sync/internal/util/rate_limiter.go:349.55,351.2 1 4
github.com/drallgood/audiobookshelf-hardcover-sync/internal/util/rate_limiter.go:356.68,363.30 4 0
github.com/drallgood/audiobookshelf-hardcover-sync/internal/util/rate_limiter.go:363.30,365.3 1 0
github.com/drallgood/audiobookshelf-hardcover-sync/internal/util/rate_limiter.go:368.2,368.27 1 0
github.com/drallgood/audiobookshelf-hardcover-sync/internal/util/rate_limiter.go:368.27,375.3 2 0
github.com/drallgood/audiobookshelf-hardcover-sync/internal/util/rate_limiter.go:380.60,381.18 1 0
github.com/drallgood/audiobookshelf-hardcover-sync/internal/util/rate_limiter.go:381.18,383.3 1 0
github.com/drallgood/audiobookshelf-hardcover-sync/internal/util/rate_limiter.go:386.2,386.51 1 0
github.com/drallgood/audiobookshelf-hardcover-sync/internal/util/rate_limiter.go:386.51,389.3 1 0
github.com/drallgood/audiobookshelf-hardcover-sync/internal/util/rate_limiter.go:392.2,393.16 2 0
github.com/drallgood/audiobookshelf-hardcover-sync/internal/util/rate_limiter.go:393.16,395.3 1 0
github.com/drallgood/audiobookshelf-hardcover-sync/internal/util/rate_limiter.go:398.2,399.57 2 0
github.com/drallgood/audiobookshelf-hardcover-sync/internal/util/rate_limiter.go:403.39,404.16 1 0
github.com/drallgood/audiobookshelf-hardcover-sync/internal/util/rate_limiter.go:404.16,406.3 1 0
github.com/drallgood/audiobookshelf-hardcover-sync/internal/util/rate_limiter.go:409.2,409.69 1 0
github.com/drallgood/audiobookshelf-hardcover-sync/internal/util/rate_limiter.go:409.69,411.3 1 0
github.com/drallgood/audiobookshelf-hardcover-sync/internal/util/rate_limiter.go:414.2,414.96 1 0
github.com/drallgood/audiobookshelf-hardcover-sync/internal/util/rate_limiter.go:414.96,416.3 1 0
github.com/drallgood/audiobookshelf-hardcover-sync/internal/util/rate_limiter.go:418.2,418.14 1 0
github.com/drallgood/audiobookshelf-hardcover-sync/internal/util/rate_limiter.go:423.65,424.17 1 0
github.com/drallgood/audiobookshelf-hardcover-sync/internal/util/rate_limiter.go:424.17,426.3 1 0
github.com/drallgood/audiobookshelf-hardcover-sync/internal/util/rate_limiter.go:429.2,430.32 2 0
github.com/drallgood/audiobookshelf-hardcover-sync/internal/util/rate_limiter.go:430.32,433.40 1 0
github.com/drallgood/audiobookshelf-hardcover-sync/internal/util/rate_limiter.go:433.40,435.4 1 0
github.com/drallgood/audiobookshelf-hardcover-sync/internal/util/rate_limiter.go:439.2,439.22 1 0
github.com/drallgood/audiobookshelf-hardcover-sync/internal/util/rate_limiter.go:439.22,444.3 1 0
github.com/drallgood/audiobookshelf-hardcover-sync/internal/util/rate_limiter.go:447.2,454.68 2 0
github.com/drallgood/audiobookshelf-hardcover-sync/internal/util/rate_limiter.go:454.68,456.33 2 0
github.com/drallgood/audiobookshelf-hardcover-sync/internal/util/rate_limiter.go:456.33,465.4 3 0
github.com/drallgood/audiobookshelf-hardcover-sync/internal/util/rate_limiter.go:469.2,474.17 4 0
github.com/drallgood/audiobookshelf-hardcover-sync/internal/util/rate_limiter.go:474.17,476.3 1 0
github.com/drallgood/audiobookshelf-hardcover-sync/internal/util/rate_limiter.go:477.2,477.21 1 0
github.com/drallgood/audiobookshelf-hardcover-sync/internal/util/rate_limiter.go:477.21,479.3 1 0
github.com/drallgood/audiobookshelf-hardcover-sync/internal/util/rate_limiter.go:480.2,480.17 1 0
github.com/drallgood/audiobookshelf-hardcover-sync/internal/util/rate_limiter.go:480.17,482.3 1 0
github.com/drallgood/audiobookshelf-hardcover-sync/internal/util/rate_limiter.go:485.2,485.21 1 0
github.com/drallgood/audiobookshelf-hardcover-sync/internal/util/rate_limiter.go:485.21,487.17 2 0
github.com/drallgood/audiobookshelf-hardcover-sync/internal/util/rate_limiter.go:487.17,489.19 2 0
github.com/drallgood/audiobookshelf-hardcover-sync/internal/util/rate_limiter.go:489.19,491.5 1 0
github.com/drallgood/audiobookshelf-hardcover-sync/internal/util/rate_limiter.go:494.4,494.22 1 0
github.com/drallgood/audiobookshelf-hardcover-sync/internal/util/rate_limiter.go:494.22,498.28 2 0
github.com/drallgood/audiobookshelf-hardcover-sync/internal/util/rate_limiter.go:498.28,510.6 3 0
github.com/drallgood/audiobookshelf-hardcover-sync/internal/util/rate_limiter.go:510.11,519.6 3 0
github.com/drallgood/audiobookshelf-hardcover-sync/internal/util/rate_limiter.go:523.4,523.16 1 0
github.com/drallgood/audiobookshelf-hardcover-sync/internal/util/rate_limiter.go:523.16,525.20 2 0
github.com/drallgood/audiobookshelf-hardcover-sync/internal/util/rate_limiter.go:525.20,527.64 1 0
github.com/drallgood/audiobookshelf-hardcover-sync/internal/util/rate_limiter.go:527.64,532.7 3 0
github.com/drallgood/audiobookshelf-hardcover-sync/internal/util/rate_limiter.go:533.11,536.6 1 0
github.com/drallgood/audiobookshelf-hardcover-sync/internal/util/rate_limiter.go:538.5,544.27 2 0
github.com/drallgood/audiobookshelf-hardcover-sync/internal/util/rate_limiter.go:550.2,550.17 1 0
github.com/drallgood/audiobookshelf-hardcover-sync/internal/util/rate_limiter.go:550.17,552.17 2 0
github.com/drallgood/audiobookshelf-hardcover-sync/internal/util/rate_limiter.go:552.17,555.28 3 0
github.com/drallgood/audiobookshelf-hardcover-sync/internal/util/rate_limiter.go:555.28,564.5 3 0
